<?xml version="1.0" encoding="UTF-8"?>
<coverage generated="1702305885813" clover="3.2.0">
  <project timestamp="1702305885813" name="All files">
    <metrics statements="216" coveredstatements="181" conditionals="272" coveredconditionals="182" methods="43" coveredmethods="38" elements="531" coveredelements="401" complexity="0" loc="216" ncloc="216" packages="2" files="38" classes="38"/>
    <package name="src">
      <metrics statements="102" coveredstatements="94" conditionals="135" coveredconditionals="95" methods="25" coveredmethods="21"/>
      <file name="add.js" path="C:\Users\Jimi\Desktop\Skool\COMP.SE.200 Software Testing\COMP.SE.200-Assignment\src\add.js">
        <metrics statements="1" coveredstatements="1" conditionals="0" coveredconditionals="0" methods="1" coveredmethods="1"/>
        <line num="16" count="4" type="stmt"/>
      </file>
      <file name="at.js" path="C:\Users\Jimi\Desktop\Skool\COMP.SE.200 Software Testing\COMP.SE.200-Assignment\src\at.js">
        <metrics statements="1" coveredstatements="1" conditionals="0" coveredconditionals="0" methods="1" coveredmethods="1"/>
        <line num="19" count="5" type="stmt"/>
      </file>
      <file name="compact.js" path="C:\Users\Jimi\Desktop\Skool\COMP.SE.200 Software Testing\COMP.SE.200-Assignment\src\compact.js">
        <metrics statements="6" coveredstatements="6" conditionals="2" coveredconditionals="2" methods="1" coveredmethods="1"/>
        <line num="15" count="5" type="stmt"/>
        <line num="16" count="5" type="stmt"/>
        <line num="18" count="5" type="stmt"/>
        <line num="19" count="23" type="cond" truecount="2" falsecount="0"/>
        <line num="20" count="8" type="stmt"/>
        <line num="23" count="5" type="stmt"/>
      </file>
      <file name="defaultTo.js" path="C:\Users\Jimi\Desktop\Skool\COMP.SE.200 Software Testing\COMP.SE.200-Assignment\src\defaultTo.js">
        <metrics statements="1" coveredstatements="1" conditionals="2" coveredconditionals="2" methods="1" coveredmethods="1"/>
        <line num="20" count="8" type="cond" truecount="2" falsecount="0"/>
      </file>
      <file name="divide.js" path="C:\Users\Jimi\Desktop\Skool\COMP.SE.200 Software Testing\COMP.SE.200-Assignment\src\divide.js">
        <metrics statements="1" coveredstatements="1" conditionals="0" coveredconditionals="0" methods="1" coveredmethods="1"/>
        <line num="16" count="4" type="stmt"/>
      </file>
      <file name="get.js" path="C:\Users\Jimi\Desktop\Skool\COMP.SE.200 Software Testing\COMP.SE.200-Assignment\src\get.js">
        <metrics statements="2" coveredstatements="2" conditionals="4" coveredconditionals="3" methods="1" coveredmethods="1"/>
        <line num="28" count="9" type="cond" truecount="1" falsecount="1"/>
        <line num="29" count="9" type="cond" truecount="2" falsecount="0"/>
      </file>
      <file name="isArguments.js" path="C:\Users\Jimi\Desktop\Skool\COMP.SE.200 Software Testing\COMP.SE.200-Assignment\src\isArguments.js">
        <metrics statements="1" coveredstatements="1" conditionals="2" coveredconditionals="1" methods="1" coveredmethods="1"/>
        <line num="20" count="2" type="cond" truecount="1" falsecount="1"/>
      </file>
      <file name="isArrayLike.js" path="C:\Users\Jimi\Desktop\Skool\COMP.SE.200 Software Testing\COMP.SE.200-Assignment\src\isArrayLike.js">
        <metrics statements="1" coveredstatements="1" conditionals="3" coveredconditionals="3" methods="1" coveredmethods="1"/>
        <line num="27" count="10" type="cond" truecount="3" falsecount="0"/>
      </file>
      <file name="isBuffer.js" path="C:\Users\Jimi\Desktop\Skool\COMP.SE.200 Software Testing\COMP.SE.200-Assignment\src\isBuffer.js">
        <metrics statements="6" coveredstatements="6" conditionals="17" coveredconditionals="14" methods="1" coveredmethods="0"/>
        <line num="4" count="1" type="cond" truecount="4" falsecount="0"/>
        <line num="7" count="1" type="cond" truecount="5" falsecount="0"/>
        <line num="10" count="1" type="cond" truecount="2" falsecount="0"/>
        <line num="13" count="1" type="cond" truecount="1" falsecount="1"/>
        <line num="16" count="1" type="cond" truecount="1" falsecount="1"/>
        <line num="33" count="1" type="cond" truecount="1" falsecount="1"/>
      </file>
      <file name="isDate.js" path="C:\Users\Jimi\Desktop\Skool\COMP.SE.200 Software Testing\COMP.SE.200-Assignment\src\isDate.js">
        <metrics statements="4" coveredstatements="3" conditionals="6" coveredconditionals="3" methods="2" coveredmethods="1"/>
        <line num="6" count="1" type="cond" truecount="2" falsecount="0"/>
        <line num="23" count="1" type="cond" truecount="1" falsecount="1"/>
        <line num="24" count="11" type="stmt"/>
        <line num="25" count="0" type="cond" truecount="0" falsecount="2"/>
      </file>
      <file name="isEmpty.js" path="C:\Users\Jimi\Desktop\Skool\COMP.SE.200 Software Testing\COMP.SE.200-Assignment\src\isEmpty.js">
        <metrics statements="14" coveredstatements="11" conditionals="19" coveredconditionals="9" methods="1" coveredmethods="1"/>
        <line num="9" count="1" type="stmt"/>
        <line num="46" count="12" type="cond" truecount="2" falsecount="0"/>
        <line num="47" count="2" type="stmt"/>
        <line num="49" count="10" type="cond" truecount="2" falsecount="7"/>
        <line num="52" count="0" type="stmt"/>
        <line num="54" count="10" type="stmt"/>
        <line num="55" count="10" type="cond" truecount="3" falsecount="1"/>
        <line num="56" count="0" type="stmt"/>
        <line num="58" count="10" type="cond" truecount="1" falsecount="1"/>
        <line num="59" count="0" type="stmt"/>
        <line num="61" count="10" type="stmt"/>
        <line num="62" count="3" type="cond" truecount="1" falsecount="1"/>
        <line num="63" count="3" type="stmt"/>
        <line num="66" count="7" type="stmt"/>
      </file>
      <file name="isLength.js" path="C:\Users\Jimi\Desktop\Skool\COMP.SE.200 Software Testing\COMP.SE.200-Assignment\src\isLength.js">
        <metrics statements="2" coveredstatements="2" conditionals="4" coveredconditionals="1" methods="1" coveredmethods="1"/>
        <line num="2" count="1" type="stmt"/>
        <line num="29" count="10" type="cond" truecount="1" falsecount="3"/>
      </file>
      <file name="isObject.js" path="C:\Users\Jimi\Desktop\Skool\COMP.SE.200 Software Testing\COMP.SE.200-Assignment\src\isObject.js">
        <metrics statements="2" coveredstatements="2" conditionals="3" coveredconditionals="3" methods="1" coveredmethods="1"/>
        <line num="25" count="16" type="stmt"/>
        <line num="26" count="16" type="cond" truecount="3" falsecount="0"/>
      </file>
      <file name="isObjectLike.js" path="C:\Users\Jimi\Desktop\Skool\COMP.SE.200 Software Testing\COMP.SE.200-Assignment\src\isObjectLike.js">
        <metrics statements="1" coveredstatements="1" conditionals="2" coveredconditionals="1" methods="1" coveredmethods="1"/>
        <line num="24" count="2" type="cond" truecount="1" falsecount="1"/>
      </file>
      <file name="isSymbol.js" path="C:\Users\Jimi\Desktop\Skool\COMP.SE.200 Software Testing\COMP.SE.200-Assignment\src\isSymbol.js">
        <metrics statements="2" coveredstatements="2" conditionals="4" coveredconditionals="4" methods="1" coveredmethods="1"/>
        <line num="19" count="31" type="stmt"/>
        <line num="20" count="31" type="cond" truecount="4" falsecount="0"/>
      </file>
      <file name="isTypedArray.js" path="C:\Users\Jimi\Desktop\Skool\COMP.SE.200 Software Testing\COMP.SE.200-Assignment\src\isTypedArray.js">
        <metrics statements="5" coveredstatements="3" conditionals="6" coveredconditionals="3" methods="2" coveredmethods="0"/>
        <line num="6" count="1" type="stmt"/>
        <line num="9" count="1" type="cond" truecount="2" falsecount="0"/>
        <line num="26" count="1" type="cond" truecount="1" falsecount="1"/>
        <line num="27" count="0" type="stmt"/>
        <line num="28" count="0" type="cond" truecount="0" falsecount="2"/>
      </file>
      <file name="memoize.js" path="C:\Users\Jimi\Desktop\Skool\COMP.SE.200 Software Testing\COMP.SE.200-Assignment\src\memoize.js">
        <metrics statements="13" coveredstatements="12" conditionals="13" coveredconditionals="9" methods="2" coveredmethods="2"/>
        <line num="44" count="1" type="cond" truecount="4" falsecount="1"/>
        <line num="45" count="0" type="stmt"/>
        <line num="47" count="1" type="stmt"/>
        <line num="48" count="8" type="cond" truecount="1" falsecount="1"/>
        <line num="49" count="8" type="stmt"/>
        <line num="51" count="8" type="cond" truecount="2" falsecount="0"/>
        <line num="52" count="3" type="stmt"/>
        <line num="54" count="5" type="stmt"/>
        <line num="55" count="5" type="cond" truecount="1" falsecount="1"/>
        <line num="56" count="5" type="stmt"/>
        <line num="58" count="1" type="cond" truecount="1" falsecount="1"/>
        <line num="59" count="1" type="stmt"/>
        <line num="62" count="1" type="stmt"/>
      </file>
      <file name="toFinite.js" path="C:\Users\Jimi\Desktop\Skool\COMP.SE.200 Software Testing\COMP.SE.200-Assignment\src\toFinite.js">
        <metrics statements="9" coveredstatements="9" conditionals="12" coveredconditionals="11" methods="1" coveredmethods="1"/>
        <line num="4" count="2" type="stmt"/>
        <line num="5" count="2" type="stmt"/>
        <line num="29" count="21" type="cond" truecount="2" falsecount="0"/>
        <line num="30" count="8" type="cond" truecount="2" falsecount="0"/>
        <line num="32" count="13" type="stmt"/>
        <line num="33" count="13" type="cond" truecount="4" falsecount="0"/>
        <line num="34" count="2" type="cond" truecount="1" falsecount="1"/>
        <line num="35" count="2" type="stmt"/>
        <line num="37" count="11" type="cond" truecount="2" falsecount="0"/>
      </file>
      <file name="toInteger.js" path="C:\Users\Jimi\Desktop\Skool\COMP.SE.200 Software Testing\COMP.SE.200-Assignment\src\toInteger.js">
        <metrics statements="3" coveredstatements="3" conditionals="2" coveredconditionals="2" methods="1" coveredmethods="1"/>
        <line num="29" count="12" type="stmt"/>
        <line num="30" count="12" type="stmt"/>
        <line num="32" count="12" type="cond" truecount="2" falsecount="0"/>
      </file>
      <file name="toNumber.js" path="C:\Users\Jimi\Desktop\Skool\COMP.SE.200 Software Testing\COMP.SE.200-Assignment\src\toNumber.js">
        <metrics statements="18" coveredstatements="17" conditionals="22" coveredconditionals="15" methods="1" coveredmethods="1"/>
        <line num="5" count="3" type="stmt"/>
        <line num="8" count="3" type="stmt"/>
        <line num="11" count="3" type="stmt"/>
        <line num="14" count="3" type="stmt"/>
        <line num="17" count="3" type="stmt"/>
        <line num="20" count="3" type="stmt"/>
        <line num="45" count="23" type="cond" truecount="2" falsecount="0"/>
        <line num="46" count="9" type="stmt"/>
        <line num="48" count="14" type="cond" truecount="1" falsecount="1"/>
        <line num="49" count="0" type="stmt"/>
        <line num="51" count="14" type="cond" truecount="2" falsecount="0"/>
        <line num="52" count="2" type="cond" truecount="1" falsecount="1"/>
        <line num="53" count="2" type="cond" truecount="2" falsecount="0"/>
        <line num="55" count="14" type="cond" truecount="2" falsecount="0"/>
        <line num="56" count="4" type="cond" truecount="1" falsecount="1"/>
        <line num="58" count="10" type="stmt"/>
        <line num="59" count="10" type="stmt"/>
        <line num="60" count="10" type="cond" truecount="3" falsecount="1"/>
      </file>
      <file name="toString.js" path="C:\Users\Jimi\Desktop\Skool\COMP.SE.200 Software Testing\COMP.SE.200-Assignment\src\toString.js">
        <metrics statements="9" coveredstatements="9" conditionals="12" coveredconditionals="9" methods="2" coveredmethods="2"/>
        <line num="4" count="1" type="stmt"/>
        <line num="28" count="10" type="cond" truecount="2" falsecount="0"/>
        <line num="29" count="1" type="stmt"/>
        <line num="31" count="9" type="cond" truecount="2" falsecount="0"/>
        <line num="33" count="3" type="cond" truecount="1" falsecount="1"/>
        <line num="35" count="8" type="cond" truecount="2" falsecount="0"/>
        <line num="36" count="1" type="stmt"/>
        <line num="38" count="7" type="stmt"/>
        <line num="39" count="7" type="cond" truecount="2" falsecount="2"/>
      </file>
    </package>
    <package name="src..internal">
      <metrics statements="114" coveredstatements="87" conditionals="137" coveredconditionals="87" methods="18" coveredmethods="17"/>
      <file name="baseAt.js" path="C:\Users\Jimi\Desktop\Skool\COMP.SE.200 Software Testing\COMP.SE.200-Assignment\src\.internal\baseAt.js">
        <metrics statements="7" coveredstatements="7" conditionals="2" coveredconditionals="1" methods="1" coveredmethods="1"/>
        <line num="12" count="5" type="stmt"/>
        <line num="13" count="5" type="stmt"/>
        <line num="14" count="5" type="stmt"/>
        <line num="15" count="5" type="stmt"/>
        <line num="17" count="5" type="stmt"/>
        <line num="18" count="9" type="cond" truecount="1" falsecount="1"/>
        <line num="20" count="5" type="stmt"/>
      </file>
      <file name="baseFlatten.js" path="C:\Users\Jimi\Desktop\Skool\COMP.SE.200 Software Testing\COMP.SE.200-Assignment\src\.internal\baseFlatten.js">
        <metrics statements="12" coveredstatements="10" conditionals="14" coveredconditionals="11" methods="1" coveredmethods="1"/>
        <line num="15" count="5" type="cond" truecount="2" falsecount="0"/>
        <line num="16" count="5" type="cond" truecount="2" falsecount="0"/>
        <line num="18" count="5" type="cond" truecount="1" falsecount="1"/>
        <line num="19" count="0" type="stmt"/>
        <line num="22" count="5" type="stmt"/>
        <line num="23" count="5" type="cond" truecount="4" falsecount="0"/>
        <line num="24" count="3" type="cond" truecount="1" falsecount="1"/>
        <line num="26" count="0" type="stmt"/>
        <line num="28" count="3" type="stmt"/>
        <line num="30" count="2" type="cond" truecount="1" falsecount="1"/>
        <line num="31" count="2" type="stmt"/>
        <line num="34" count="5" type="stmt"/>
      </file>
      <file name="baseGet.js" path="C:\Users\Jimi\Desktop\Skool\COMP.SE.200 Software Testing\COMP.SE.200-Assignment\src\.internal\baseGet.js">
        <metrics statements="6" coveredstatements="6" conditionals="6" coveredconditionals="5" methods="1" coveredmethods="1"/>
        <line num="13" count="9" type="stmt"/>
        <line num="15" count="9" type="stmt"/>
        <line num="16" count="9" type="stmt"/>
        <line num="18" count="9" type="cond" truecount="2" falsecount="0"/>
        <line num="19" count="31" type="stmt"/>
        <line num="21" count="9" type="cond" truecount="3" falsecount="1"/>
      </file>
      <file name="baseToNumber.js" path="C:\Users\Jimi\Desktop\Skool\COMP.SE.200 Software Testing\COMP.SE.200-Assignment\src\.internal\baseToNumber.js">
        <metrics statements="6" coveredstatements="3" conditionals="4" coveredconditionals="1" methods="1" coveredmethods="1"/>
        <line num="4" count="2" type="stmt"/>
        <line num="15" count="16" type="cond" truecount="1" falsecount="1"/>
        <line num="16" count="16" type="stmt"/>
        <line num="18" count="0" type="cond" truecount="0" falsecount="2"/>
        <line num="19" count="0" type="stmt"/>
        <line num="21" count="0" type="stmt"/>
      </file>
      <file name="baseToString.js" path="C:\Users\Jimi\Desktop\Skool\COMP.SE.200 Software Testing\COMP.SE.200-Assignment\src\.internal\baseToString.js">
        <metrics statements="10" coveredstatements="2" conditionals="12" coveredconditionals="0" methods="1" coveredmethods="0"/>
        <line num="4" count="2" type="stmt"/>
        <line num="7" count="2" type="stmt"/>
        <line num="19" count="0" type="cond" truecount="0" falsecount="2"/>
        <line num="20" count="0" type="stmt"/>
        <line num="22" count="0" type="cond" truecount="0" falsecount="2"/>
        <line num="24" count="0" type="stmt"/>
        <line num="26" count="0" type="cond" truecount="0" falsecount="2"/>
        <line num="27" count="0" type="cond" truecount="0" falsecount="2"/>
        <line num="29" count="0" type="stmt"/>
        <line num="30" count="0" type="cond" truecount="0" falsecount="4"/>
      </file>
      <file name="castPath.js" path="C:\Users\Jimi\Desktop\Skool\COMP.SE.200 Software Testing\COMP.SE.200-Assignment\src\.internal\castPath.js">
        <metrics statements="3" coveredstatements="2" conditionals="4" coveredconditionals="3" methods="1" coveredmethods="1"/>
        <line num="13" count="9" type="cond" truecount="1" falsecount="1"/>
        <line num="14" count="0" type="stmt"/>
        <line num="16" count="9" type="cond" truecount="2" falsecount="0"/>
      </file>
      <file name="createMathOperation.js" path="C:\Users\Jimi\Desktop\Skool\COMP.SE.200 Software Testing\COMP.SE.200-Assignment\src\.internal\createMathOperation.js">
        <metrics statements="13" coveredstatements="8" conditionals="16" coveredconditionals="11" methods="2" coveredmethods="2"/>
        <line num="13" count="2" type="stmt"/>
        <line num="14" count="8" type="cond" truecount="2" falsecount="2"/>
        <line num="15" count="0" type="stmt"/>
        <line num="17" count="8" type="cond" truecount="3" falsecount="1"/>
        <line num="18" count="0" type="stmt"/>
        <line num="20" count="8" type="cond" truecount="3" falsecount="1"/>
        <line num="21" count="0" type="stmt"/>
        <line num="23" count="8" type="cond" truecount="3" falsecount="1"/>
        <line num="24" count="0" type="stmt"/>
        <line num="25" count="0" type="stmt"/>
        <line num="28" count="8" type="stmt"/>
        <line num="29" count="8" type="stmt"/>
        <line num="31" count="8" type="stmt"/>
      </file>
      <file name="freeGlobal.js" path="C:\Users\Jimi\Desktop\Skool\COMP.SE.200 Software Testing\COMP.SE.200-Assignment\src\.internal\freeGlobal.js">
        <metrics statements="1" coveredstatements="1" conditionals="4" coveredconditionals="4" methods="0" coveredmethods="0"/>
        <line num="2" count="2" type="cond" truecount="4" falsecount="0"/>
      </file>
      <file name="getTag.js" path="C:\Users\Jimi\Desktop\Skool\COMP.SE.200 Software Testing\COMP.SE.200-Assignment\src\.internal\getTag.js">
        <metrics statements="4" coveredstatements="3" conditionals="4" coveredconditionals="1" methods="1" coveredmethods="1"/>
        <line num="1" count="9" type="stmt"/>
        <line num="11" count="12" type="cond" truecount="1" falsecount="1"/>
        <line num="12" count="0" type="cond" truecount="0" falsecount="2"/>
        <line num="14" count="12" type="stmt"/>
      </file>
      <file name="isFlattenable.js" path="C:\Users\Jimi\Desktop\Skool\COMP.SE.200 Software Testing\COMP.SE.200-Assignment\src\.internal\isFlattenable.js">
        <metrics statements="2" coveredstatements="2" conditionals="5" coveredconditionals="5" methods="1" coveredmethods="1"/>
        <line num="4" count="1" type="stmt"/>
        <line num="14" count="5" type="cond" truecount="3" falsecount="0"/>
      </file>
      <file name="isKey.js" path="C:\Users\Jimi\Desktop\Skool\COMP.SE.200 Software Testing\COMP.SE.200-Assignment\src\.internal\isKey.js">
        <metrics statements="8" coveredstatements="6" conditionals="12" coveredconditionals="10" methods="1" coveredmethods="1"/>
        <line num="4" count="1" type="stmt"/>
        <line num="5" count="1" type="stmt"/>
        <line num="16" count="9" type="cond" truecount="1" falsecount="1"/>
        <line num="17" count="0" type="stmt"/>
        <line num="19" count="9" type="stmt"/>
        <line num="20" count="9" type="cond" truecount="5" falsecount="1"/>
        <line num="21" count="0" type="stmt"/>
        <line num="23" count="9" type="cond" truecount="4" falsecount="0"/>
      </file>
      <file name="isPrototype.js" path="C:\Users\Jimi\Desktop\Skool\COMP.SE.200 Software Testing\COMP.SE.200-Assignment\src\.internal\isPrototype.js">
        <metrics statements="4" coveredstatements="4" conditionals="5" coveredconditionals="5" methods="1" coveredmethods="1"/>
        <line num="2" count="1" type="stmt"/>
        <line num="12" count="10" type="cond" truecount="2" falsecount="0"/>
        <line num="13" count="10" type="cond" truecount="3" falsecount="0"/>
        <line num="15" count="10" type="stmt"/>
      </file>
      <file name="memoizeCapped.js" path="C:\Users\Jimi\Desktop\Skool\COMP.SE.200 Software Testing\COMP.SE.200-Assignment\src\.internal\memoizeCapped.js">
        <metrics statements="7" coveredstatements="6" conditionals="2" coveredconditionals="1" methods="2" coveredmethods="2"/>
        <line num="4" count="1" type="stmt"/>
        <line num="15" count="1" type="stmt"/>
        <line num="16" count="8" type="stmt"/>
        <line num="17" count="8" type="cond" truecount="1" falsecount="1"/>
        <line num="18" count="0" type="stmt"/>
        <line num="20" count="8" type="stmt"/>
        <line num="23" count="1" type="stmt"/>
      </file>
      <file name="nodeTypes.js" path="C:\Users\Jimi\Desktop\Skool\COMP.SE.200 Software Testing\COMP.SE.200-Assignment\src\.internal\nodeTypes.js">
        <metrics statements="8" coveredstatements="8" conditionals="21" coveredconditionals="17" methods="1" coveredmethods="1"/>
        <line num="4" count="2" type="cond" truecount="4" falsecount="0"/>
        <line num="7" count="2" type="cond" truecount="5" falsecount="0"/>
        <line num="10" count="2" type="cond" truecount="2" falsecount="0"/>
        <line num="13" count="2" type="cond" truecount="2" falsecount="0"/>
        <line num="16" count="2" type="stmt"/>
        <line num="17" count="2" type="stmt"/>
        <line num="20" count="2" type="cond" truecount="3" falsecount="0"/>
        <line num="21" count="2" type="cond" truecount="1" falsecount="1"/>
      </file>
      <file name="root.js" path="C:\Users\Jimi\Desktop\Skool\COMP.SE.200 Software Testing\COMP.SE.200-Assignment\src\.internal\root.js">
        <metrics statements="3" coveredstatements="3" conditionals="12" coveredconditionals="6" methods="0" coveredmethods="0"/>
        <line num="5" count="1" type="cond" truecount="4" falsecount="0"/>
        <line num="8" count="1" type="cond" truecount="1" falsecount="3"/>
        <line num="11" count="1" type="cond" truecount="1" falsecount="3"/>
      </file>
      <file name="stringToPath.js" path="C:\Users\Jimi\Desktop\Skool\COMP.SE.200 Software Testing\COMP.SE.200-Assignment\src\.internal\stringToPath.js">
        <metrics statements="15" coveredstatements="13" conditionals="6" coveredconditionals="4" methods="2" coveredmethods="2"/>
        <line num="3" count="1" type="stmt"/>
        <line num="4" count="1" type="stmt"/>
        <line num="5" count="1" type="stmt"/>
        <line num="26" count="1" type="stmt"/>
        <line num="27" count="5" type="stmt"/>
        <line num="28" count="5" type="cond" truecount="1" falsecount="1"/>
        <line num="29" count="0" type="stmt"/>
        <line num="31" count="5" type="stmt"/>
        <line num="32" count="20" type="stmt"/>
        <line num="33" count="20" type="cond" truecount="1" falsecount="1"/>
        <line num="34" count="0" type="stmt"/>
        <line num="36" count="20" type="cond" truecount="2" falsecount="0"/>
        <line num="37" count="7" type="stmt"/>
        <line num="39" count="20" type="stmt"/>
        <line num="41" count="5" type="stmt"/>
      </file>
      <file name="toKey.js" path="C:\Users\Jimi\Desktop\Skool\COMP.SE.200 Software Testing\COMP.SE.200-Assignment\src\.internal\toKey.js">
        <metrics statements="5" coveredstatements="3" conditionals="8" coveredconditionals="2" methods="1" coveredmethods="1"/>
        <line num="4" count="1" type="stmt"/>
        <line num="14" count="31" type="cond" truecount="2" falsecount="2"/>
        <line num="15" count="31" type="stmt"/>
        <line num="17" count="0" type="stmt"/>
        <line num="18" count="0" type="cond" truecount="0" falsecount="4"/>
      </file>
    </package>
  </project>
</coverage>
