{"C:\\koulu2\\4_vuosi\\testing\\COMP.SE.200-Assignment\\src\\add.js": {"path":"C:\\koulu2\\4_vuosi\\testing\\COMP.SE.200-Assignment\\src\\add.js","statementMap":{"0":{"start":{"line":16,"column":12},"end":{"line":16,"column":71}},"1":{"start":{"line":16,"column":52},"end":{"line":16,"column":67}}},"fnMap":{"0":{"name":"(anonymous_0)","decl":{"start":{"line":16,"column":32},"end":{"line":16,"column":33}},"loc":{"start":{"line":16,"column":52},"end":{"line":16,"column":67}},"line":16}},"branchMap":{},"s":{"0":1,"1":4},"f":{"0":4},"b":{},"_coverageSchema":"1a1c01bbd47fc00a2c39e90264f33305004495a9","hash":"6de6b9a5f19dd33a663143ac5e734045b719f40f"}
,"C:\\koulu2\\4_vuosi\\testing\\COMP.SE.200-Assignment\\src\\at.js": {"path":"C:\\koulu2\\4_vuosi\\testing\\COMP.SE.200-Assignment\\src\\at.js","statementMap":{"0":{"start":{"line":19,"column":11},"end":{"line":19,"column":70}},"1":{"start":{"line":19,"column":33},"end":{"line":19,"column":70}}},"fnMap":{"0":{"name":"(anonymous_0)","decl":{"start":{"line":19,"column":11},"end":{"line":19,"column":12}},"loc":{"start":{"line":19,"column":33},"end":{"line":19,"column":70}},"line":19}},"branchMap":{},"s":{"0":1,"1":5},"f":{"0":5},"b":{},"_coverageSchema":"1a1c01bbd47fc00a2c39e90264f33305004495a9","hash":"5fc174872175daecc55883f64d3e36746676b71a"}
,"C:\\koulu2\\4_vuosi\\testing\\COMP.SE.200-Assignment\\src\\compact.js": {"path":"C:\\koulu2\\4_vuosi\\testing\\COMP.SE.200-Assignment\\src\\compact.js","statementMap":{"0":{"start":{"line":15,"column":17},"end":{"line":15,"column":19}},"1":{"start":{"line":16,"column":17},"end":{"line":16,"column":19}},"2":{"start":{"line":18,"column":2},"end":{"line":22,"column":3}},"3":{"start":{"line":19,"column":4},"end":{"line":21,"column":5}},"4":{"start":{"line":20,"column":6},"end":{"line":20,"column":32}},"5":{"start":{"line":23,"column":2},"end":{"line":23,"column":15}}},"fnMap":{"0":{"name":"compact","decl":{"start":{"line":14,"column":9},"end":{"line":14,"column":16}},"loc":{"start":{"line":14,"column":24},"end":{"line":24,"column":1}},"line":14}},"branchMap":{"0":{"loc":{"start":{"line":19,"column":4},"end":{"line":21,"column":5}},"type":"if","locations":[{"start":{"line":19,"column":4},"end":{"line":21,"column":5}},{"start":{},"end":{}}],"line":19}},"s":{"0":5,"1":5,"2":5,"3":23,"4":8,"5":5},"f":{"0":5},"b":{"0":[8,15]},"_coverageSchema":"1a1c01bbd47fc00a2c39e90264f33305004495a9","hash":"74e42893c659f6319181fb8ecd7fd064821a5064"}
,"C:\\koulu2\\4_vuosi\\testing\\COMP.SE.200-Assignment\\src\\defaultTo.js": {"path":"C:\\koulu2\\4_vuosi\\testing\\COMP.SE.200-Assignment\\src\\defaultTo.js","statementMap":{"0":{"start":{"line":20,"column":2},"end":{"line":20,"column":45}}},"fnMap":{"0":{"name":"defaultTo","decl":{"start":{"line":19,"column":9},"end":{"line":19,"column":18}},"loc":{"start":{"line":19,"column":40},"end":{"line":21,"column":1}},"line":19}},"branchMap":{"0":{"loc":{"start":{"line":20,"column":9},"end":{"line":20,"column":45}},"type":"cond-expr","locations":[{"start":{"line":20,"column":25},"end":{"line":20,"column":37}},{"start":{"line":20,"column":40},"end":{"line":20,"column":45}}],"line":20}},"s":{"0":8},"f":{"0":8},"b":{"0":[3,5]},"_coverageSchema":"1a1c01bbd47fc00a2c39e90264f33305004495a9","hash":"a97151e1bdc98030d0a1ce37de0c63a4386483d8"}
,"C:\\koulu2\\4_vuosi\\testing\\COMP.SE.200-Assignment\\src\\divide.js": {"path":"C:\\koulu2\\4_vuosi\\testing\\COMP.SE.200-Assignment\\src\\divide.js","statementMap":{"0":{"start":{"line":16,"column":15},"end":{"line":16,"column":79}},"1":{"start":{"line":16,"column":58},"end":{"line":16,"column":75}}},"fnMap":{"0":{"name":"(anonymous_0)","decl":{"start":{"line":16,"column":35},"end":{"line":16,"column":36}},"loc":{"start":{"line":16,"column":58},"end":{"line":16,"column":75}},"line":16}},"branchMap":{},"s":{"0":1,"1":4},"f":{"0":4},"b":{},"_coverageSchema":"1a1c01bbd47fc00a2c39e90264f33305004495a9","hash":"ac751bcb0c2336f15ac0a586bc56fcaf398dec4c"}
,"C:\\koulu2\\4_vuosi\\testing\\COMP.SE.200-Assignment\\src\\get.js": {"path":"C:\\koulu2\\4_vuosi\\testing\\COMP.SE.200-Assignment\\src\\get.js","statementMap":{"0":{"start":{"line":28,"column":17},"end":{"line":28,"column":67}},"1":{"start":{"line":29,"column":2},"end":{"line":29,"column":53}}},"fnMap":{"0":{"name":"get","decl":{"start":{"line":27,"column":9},"end":{"line":27,"column":12}},"loc":{"start":{"line":27,"column":41},"end":{"line":30,"column":1}},"line":27}},"branchMap":{"0":{"loc":{"start":{"line":28,"column":17},"end":{"line":28,"column":67}},"type":"cond-expr","locations":[{"start":{"line":28,"column":34},"end":{"line":28,"column":43}},{"start":{"line":28,"column":46},"end":{"line":28,"column":67}}],"line":28},"1":{"loc":{"start":{"line":29,"column":9},"end":{"line":29,"column":53}},"type":"cond-expr","locations":[{"start":{"line":29,"column":32},"end":{"line":29,"column":44}},{"start":{"line":29,"column":47},"end":{"line":29,"column":53}}],"line":29}},"s":{"0":9,"1":9},"f":{"0":9},"b":{"0":[0,9],"1":[2,7]},"_coverageSchema":"1a1c01bbd47fc00a2c39e90264f33305004495a9","hash":"6c07341daa8d2d0a48b71b4d341dd74f20644a56"}
,"C:\\koulu2\\4_vuosi\\testing\\COMP.SE.200-Assignment\\src\\isArguments.js": {"path":"C:\\koulu2\\4_vuosi\\testing\\COMP.SE.200-Assignment\\src\\isArguments.js","statementMap":{"0":{"start":{"line":20,"column":2},"end":{"line":20,"column":69}}},"fnMap":{"0":{"name":"isArguments","decl":{"start":{"line":19,"column":9},"end":{"line":19,"column":20}},"loc":{"start":{"line":19,"column":28},"end":{"line":21,"column":1}},"line":19}},"branchMap":{"0":{"loc":{"start":{"line":20,"column":9},"end":{"line":20,"column":69}},"type":"binary-expr","locations":[{"start":{"line":20,"column":9},"end":{"line":20,"column":28}},{"start":{"line":20,"column":32},"end":{"line":20,"column":69}}],"line":20}},"s":{"0":2},"f":{"0":2},"b":{"0":[2,0]},"_coverageSchema":"1a1c01bbd47fc00a2c39e90264f33305004495a9","hash":"fe17cffc842c3b74dc7c9972baf6a35ca4b40593"}
,"C:\\koulu2\\4_vuosi\\testing\\COMP.SE.200-Assignment\\src\\isArrayLike.js": {"path":"C:\\koulu2\\4_vuosi\\testing\\COMP.SE.200-Assignment\\src\\isArrayLike.js","statementMap":{"0":{"start":{"line":27,"column":2},"end":{"line":27,"column":79}}},"fnMap":{"0":{"name":"isArrayLike","decl":{"start":{"line":26,"column":9},"end":{"line":26,"column":20}},"loc":{"start":{"line":26,"column":28},"end":{"line":28,"column":1}},"line":26}},"branchMap":{"0":{"loc":{"start":{"line":27,"column":9},"end":{"line":27,"column":79}},"type":"binary-expr","locations":[{"start":{"line":27,"column":9},"end":{"line":27,"column":22}},{"start":{"line":27,"column":26},"end":{"line":27,"column":53}},{"start":{"line":27,"column":57},"end":{"line":27,"column":79}}],"line":27}},"s":{"0":10},"f":{"0":10},"b":{"0":[10,10,10]},"_coverageSchema":"1a1c01bbd47fc00a2c39e90264f33305004495a9","hash":"09f432d245770eff82ea5e2322702fe393468500"}
,"C:\\koulu2\\4_vuosi\\testing\\COMP.SE.200-Assignment\\src\\isBuffer.js": {"path":"C:\\koulu2\\4_vuosi\\testing\\COMP.SE.200-Assignment\\src\\isBuffer.js","statementMap":{"0":{"start":{"line":4,"column":20},"end":{"line":4,"column":99}},"1":{"start":{"line":7,"column":19},"end":{"line":7,"column":109}},"2":{"start":{"line":10,"column":22},"end":{"line":10,"column":70}},"3":{"start":{"line":13,"column":15},"end":{"line":13,"column":54}},"4":{"start":{"line":16,"column":23},"end":{"line":16,"column":59}},"5":{"start":{"line":33,"column":17},"end":{"line":33,"column":48}},"6":{"start":{"line":33,"column":42},"end":{"line":33,"column":47}}},"fnMap":{"0":{"name":"(anonymous_0)","decl":{"start":{"line":33,"column":36},"end":{"line":33,"column":37}},"loc":{"start":{"line":33,"column":42},"end":{"line":33,"column":47}},"line":33}},"branchMap":{"0":{"loc":{"start":{"line":4,"column":20},"end":{"line":4,"column":99}},"type":"binary-expr","locations":[{"start":{"line":4,"column":20},"end":{"line":4,"column":47}},{"start":{"line":4,"column":51},"end":{"line":4,"column":67}},{"start":{"line":4,"column":71},"end":{"line":4,"column":88}},{"start":{"line":4,"column":92},"end":{"line":4,"column":99}}],"line":4},"1":{"loc":{"start":{"line":7,"column":19},"end":{"line":7,"column":109}},"type":"binary-expr","locations":[{"start":{"line":7,"column":19},"end":{"line":7,"column":30}},{"start":{"line":7,"column":34},"end":{"line":7,"column":60}},{"start":{"line":7,"column":64},"end":{"line":7,"column":79}},{"start":{"line":7,"column":83},"end":{"line":7,"column":99}},{"start":{"line":7,"column":103},"end":{"line":7,"column":109}}],"line":7},"2":{"loc":{"start":{"line":10,"column":22},"end":{"line":10,"column":70}},"type":"binary-expr","locations":[{"start":{"line":10,"column":22},"end":{"line":10,"column":32}},{"start":{"line":10,"column":36},"end":{"line":10,"column":70}}],"line":10},"3":{"loc":{"start":{"line":13,"column":15},"end":{"line":13,"column":54}},"type":"cond-expr","locations":[{"start":{"line":13,"column":31},"end":{"line":13,"column":42}},{"start":{"line":13,"column":45},"end":{"line":13,"column":54}}],"line":13},"4":{"loc":{"start":{"line":16,"column":23},"end":{"line":16,"column":59}},"type":"cond-expr","locations":[{"start":{"line":16,"column":32},"end":{"line":16,"column":47}},{"start":{"line":16,"column":50},"end":{"line":16,"column":59}}],"line":16},"5":{"loc":{"start":{"line":33,"column":17},"end":{"line":33,"column":48}},"type":"binary-expr","locations":[{"start":{"line":33,"column":17},"end":{"line":33,"column":31}},{"start":{"line":33,"column":36},"end":{"line":33,"column":47}}],"line":33}},"s":{"0":1,"1":1,"2":1,"3":1,"4":1,"5":1,"6":0},"f":{"0":0},"b":{"0":[1,1,1,1],"1":[1,1,1,1,1],"2":[1,1],"3":[1,0],"4":[1,0],"5":[1,0]},"_coverageSchema":"1a1c01bbd47fc00a2c39e90264f33305004495a9","hash":"9436d8305b11cf5b3d30a64e387da55f9bd2e3c3"}
,"C:\\koulu2\\4_vuosi\\testing\\COMP.SE.200-Assignment\\src\\isDate.js": {"path":"C:\\koulu2\\4_vuosi\\testing\\COMP.SE.200-Assignment\\src\\isDate.js","statementMap":{"0":{"start":{"line":6,"column":19},"end":{"line":6,"column":48}},"1":{"start":{"line":23,"column":15},"end":{"line":25,"column":70}},"2":{"start":{"line":24,"column":15},"end":{"line":24,"column":32}},"3":{"start":{"line":25,"column":15},"end":{"line":25,"column":70}}},"fnMap":{"0":{"name":"(anonymous_0)","decl":{"start":{"line":24,"column":4},"end":{"line":24,"column":5}},"loc":{"start":{"line":24,"column":15},"end":{"line":24,"column":32}},"line":24},"1":{"name":"(anonymous_1)","decl":{"start":{"line":25,"column":4},"end":{"line":25,"column":5}},"loc":{"start":{"line":25,"column":15},"end":{"line":25,"column":70}},"line":25}},"branchMap":{"0":{"loc":{"start":{"line":6,"column":19},"end":{"line":6,"column":48}},"type":"binary-expr","locations":[{"start":{"line":6,"column":19},"end":{"line":6,"column":28}},{"start":{"line":6,"column":32},"end":{"line":6,"column":48}}],"line":6},"1":{"loc":{"start":{"line":23,"column":15},"end":{"line":25,"column":70}},"type":"cond-expr","locations":[{"start":{"line":24,"column":4},"end":{"line":24,"column":32}},{"start":{"line":25,"column":4},"end":{"line":25,"column":70}}],"line":23},"2":{"loc":{"start":{"line":25,"column":15},"end":{"line":25,"column":70}},"type":"binary-expr","locations":[{"start":{"line":25,"column":15},"end":{"line":25,"column":34}},{"start":{"line":25,"column":38},"end":{"line":25,"column":70}}],"line":25}},"s":{"0":1,"1":1,"2":11,"3":0},"f":{"0":11,"1":0},"b":{"0":[1,1],"1":[1,0],"2":[0,0]},"_coverageSchema":"1a1c01bbd47fc00a2c39e90264f33305004495a9","hash":"0f7aebd425a2103c834512a956da66dd8e9b05c6"}
,"C:\\koulu2\\4_vuosi\\testing\\COMP.SE.200-Assignment\\src\\isEmpty.js": {"path":"C:\\koulu2\\4_vuosi\\testing\\COMP.SE.200-Assignment\\src\\isEmpty.js","statementMap":{"0":{"start":{"line":9,"column":23},"end":{"line":9,"column":54}},"1":{"start":{"line":46,"column":2},"end":{"line":48,"column":3}},"2":{"start":{"line":47,"column":4},"end":{"line":47,"column":15}},"3":{"start":{"line":49,"column":2},"end":{"line":53,"column":3}},"4":{"start":{"line":52,"column":4},"end":{"line":52,"column":24}},"5":{"start":{"line":54,"column":14},"end":{"line":54,"column":27}},"6":{"start":{"line":55,"column":2},"end":{"line":57,"column":3}},"7":{"start":{"line":56,"column":4},"end":{"line":56,"column":22}},"8":{"start":{"line":58,"column":2},"end":{"line":60,"column":3}},"9":{"start":{"line":59,"column":4},"end":{"line":59,"column":37}},"10":{"start":{"line":61,"column":2},"end":{"line":65,"column":3}},"11":{"start":{"line":62,"column":4},"end":{"line":64,"column":5}},"12":{"start":{"line":63,"column":6},"end":{"line":63,"column":18}},"13":{"start":{"line":66,"column":2},"end":{"line":66,"column":13}}},"fnMap":{"0":{"name":"isEmpty","decl":{"start":{"line":45,"column":9},"end":{"line":45,"column":16}},"loc":{"start":{"line":45,"column":24},"end":{"line":67,"column":1}},"line":45}},"branchMap":{"0":{"loc":{"start":{"line":46,"column":2},"end":{"line":48,"column":3}},"type":"if","locations":[{"start":{"line":46,"column":2},"end":{"line":48,"column":3}},{"start":{},"end":{}}],"line":46},"1":{"loc":{"start":{"line":49,"column":2},"end":{"line":53,"column":3}},"type":"if","locations":[{"start":{"line":49,"column":2},"end":{"line":53,"column":3}},{"start":{},"end":{}}],"line":49},"2":{"loc":{"start":{"line":49,"column":6},"end":{"line":51,"column":69}},"type":"binary-expr","locations":[{"start":{"line":49,"column":6},"end":{"line":49,"column":24}},{"start":{"line":50,"column":7},"end":{"line":50,"column":27}},{"start":{"line":50,"column":31},"end":{"line":50,"column":56}},{"start":{"line":50,"column":60},"end":{"line":50,"column":94}},{"start":{"line":51,"column":8},"end":{"line":51,"column":23}},{"start":{"line":51,"column":27},"end":{"line":51,"column":46}},{"start":{"line":51,"column":50},"end":{"line":51,"column":68}}],"line":49},"3":{"loc":{"start":{"line":55,"column":2},"end":{"line":57,"column":3}},"type":"if","locations":[{"start":{"line":55,"column":2},"end":{"line":57,"column":3}},{"start":{},"end":{}}],"line":55},"4":{"loc":{"start":{"line":55,"column":6},"end":{"line":55,"column":52}},"type":"binary-expr","locations":[{"start":{"line":55,"column":6},"end":{"line":55,"column":27}},{"start":{"line":55,"column":31},"end":{"line":55,"column":52}}],"line":55},"5":{"loc":{"start":{"line":58,"column":2},"end":{"line":60,"column":3}},"type":"if","locations":[{"start":{"line":58,"column":2},"end":{"line":60,"column":3}},{"start":{},"end":{}}],"line":58},"6":{"loc":{"start":{"line":62,"column":4},"end":{"line":64,"column":5}},"type":"if","locations":[{"start":{"line":62,"column":4},"end":{"line":64,"column":5}},{"start":{},"end":{}}],"line":62}},"s":{"0":1,"1":12,"2":2,"3":10,"4":0,"5":10,"6":10,"7":0,"8":10,"9":0,"10":10,"11":3,"12":3,"13":7},"f":{"0":12},"b":{"0":[2,10],"1":[0,10],"2":[10,0,0,0,0,0,0],"3":[0,10],"4":[10,10],"5":[0,10],"6":[3,0]},"_coverageSchema":"1a1c01bbd47fc00a2c39e90264f33305004495a9","hash":"4f1c4c3a4d9359c7d5c3bed51d4354ab0720aa7a"}
,"C:\\koulu2\\4_vuosi\\testing\\COMP.SE.200-Assignment\\src\\isLength.js": {"path":"C:\\koulu2\\4_vuosi\\testing\\COMP.SE.200-Assignment\\src\\isLength.js","statementMap":{"0":{"start":{"line":2,"column":25},"end":{"line":2,"column":41}},"1":{"start":{"line":29,"column":2},"end":{"line":30,"column":61}}},"fnMap":{"0":{"name":"isLength","decl":{"start":{"line":28,"column":9},"end":{"line":28,"column":17}},"loc":{"start":{"line":28,"column":25},"end":{"line":31,"column":1}},"line":28}},"branchMap":{"0":{"loc":{"start":{"line":29,"column":9},"end":{"line":30,"column":61}},"type":"binary-expr","locations":[{"start":{"line":29,"column":9},"end":{"line":29,"column":34}},{"start":{"line":30,"column":4},"end":{"line":30,"column":14}},{"start":{"line":30,"column":18},"end":{"line":30,"column":32}},{"start":{"line":30,"column":36},"end":{"line":30,"column":61}}],"line":29}},"s":{"0":1,"1":10},"f":{"0":10},"b":{"0":[10,0,0,0]},"_coverageSchema":"1a1c01bbd47fc00a2c39e90264f33305004495a9","hash":"09728e923bc668c380da5ad730d47daf512c6dea"}
,"C:\\koulu2\\4_vuosi\\testing\\COMP.SE.200-Assignment\\src\\isObject.js": {"path":"C:\\koulu2\\4_vuosi\\testing\\COMP.SE.200-Assignment\\src\\isObject.js","statementMap":{"0":{"start":{"line":25,"column":15},"end":{"line":25,"column":27}},"1":{"start":{"line":26,"column":2},"end":{"line":26,"column":68}}},"fnMap":{"0":{"name":"isObject","decl":{"start":{"line":24,"column":9},"end":{"line":24,"column":17}},"loc":{"start":{"line":24,"column":25},"end":{"line":27,"column":1}},"line":24}},"branchMap":{"0":{"loc":{"start":{"line":26,"column":9},"end":{"line":26,"column":68}},"type":"binary-expr","locations":[{"start":{"line":26,"column":9},"end":{"line":26,"column":22}},{"start":{"line":26,"column":27},"end":{"line":26,"column":44}},{"start":{"line":26,"column":48},"end":{"line":26,"column":67}}],"line":26}},"s":{"0":17,"1":17},"f":{"0":17},"b":{"0":[17,15,12]},"_coverageSchema":"1a1c01bbd47fc00a2c39e90264f33305004495a9","hash":"a842a00b58bed433315bc116f3e7d3f509ab643d"}
,"C:\\koulu2\\4_vuosi\\testing\\COMP.SE.200-Assignment\\src\\isObjectLike.js": {"path":"C:\\koulu2\\4_vuosi\\testing\\COMP.SE.200-Assignment\\src\\isObjectLike.js","statementMap":{"0":{"start":{"line":24,"column":2},"end":{"line":24,"column":52}}},"fnMap":{"0":{"name":"isObjectLike","decl":{"start":{"line":23,"column":9},"end":{"line":23,"column":21}},"loc":{"start":{"line":23,"column":29},"end":{"line":25,"column":1}},"line":23}},"branchMap":{"0":{"loc":{"start":{"line":24,"column":9},"end":{"line":24,"column":52}},"type":"binary-expr","locations":[{"start":{"line":24,"column":9},"end":{"line":24,"column":34}},{"start":{"line":24,"column":38},"end":{"line":24,"column":52}}],"line":24}},"s":{"0":2},"f":{"0":2},"b":{"0":[2,0]},"_coverageSchema":"1a1c01bbd47fc00a2c39e90264f33305004495a9","hash":"0008b07b8736099655fb8c2db47cc634cbb66720"}
,"C:\\koulu2\\4_vuosi\\testing\\COMP.SE.200-Assignment\\src\\isSymbol.js": {"path":"C:\\koulu2\\4_vuosi\\testing\\COMP.SE.200-Assignment\\src\\isSymbol.js","statementMap":{"0":{"start":{"line":19,"column":15},"end":{"line":19,"column":27}},"1":{"start":{"line":20,"column":2},"end":{"line":20,"column":103}}},"fnMap":{"0":{"name":"isSymbol","decl":{"start":{"line":18,"column":9},"end":{"line":18,"column":17}},"loc":{"start":{"line":18,"column":25},"end":{"line":21,"column":1}},"line":18}},"branchMap":{"0":{"loc":{"start":{"line":20,"column":9},"end":{"line":20,"column":103}},"type":"binary-expr","locations":[{"start":{"line":20,"column":9},"end":{"line":20,"column":25}},{"start":{"line":20,"column":30},"end":{"line":20,"column":47}},{"start":{"line":20,"column":51},"end":{"line":20,"column":64}},{"start":{"line":20,"column":68},"end":{"line":20,"column":102}}],"line":20}},"s":{"0":28,"1":28},"f":{"0":28},"b":{"0":[28,28,4,2]},"_coverageSchema":"1a1c01bbd47fc00a2c39e90264f33305004495a9","hash":"cf6bf179f8a6e0031ccb3b26f495d8157d444fa0"}
,"C:\\koulu2\\4_vuosi\\testing\\COMP.SE.200-Assignment\\src\\isTypedArray.js": {"path":"C:\\koulu2\\4_vuosi\\testing\\COMP.SE.200-Assignment\\src\\isTypedArray.js","statementMap":{"0":{"start":{"line":6,"column":19},"end":{"line":6,"column":94}},"1":{"start":{"line":9,"column":25},"end":{"line":9,"column":60}},"2":{"start":{"line":26,"column":21},"end":{"line":28,"column":68}},"3":{"start":{"line":27,"column":15},"end":{"line":27,"column":38}},"4":{"start":{"line":28,"column":15},"end":{"line":28,"column":68}}},"fnMap":{"0":{"name":"(anonymous_0)","decl":{"start":{"line":27,"column":4},"end":{"line":27,"column":5}},"loc":{"start":{"line":27,"column":15},"end":{"line":27,"column":38}},"line":27},"1":{"name":"(anonymous_1)","decl":{"start":{"line":28,"column":4},"end":{"line":28,"column":5}},"loc":{"start":{"line":28,"column":15},"end":{"line":28,"column":68}},"line":28}},"branchMap":{"0":{"loc":{"start":{"line":9,"column":25},"end":{"line":9,"column":60}},"type":"binary-expr","locations":[{"start":{"line":9,"column":25},"end":{"line":9,"column":34}},{"start":{"line":9,"column":38},"end":{"line":9,"column":60}}],"line":9},"1":{"loc":{"start":{"line":26,"column":21},"end":{"line":28,"column":68}},"type":"cond-expr","locations":[{"start":{"line":27,"column":4},"end":{"line":27,"column":38}},{"start":{"line":28,"column":4},"end":{"line":28,"column":68}}],"line":26},"2":{"loc":{"start":{"line":28,"column":15},"end":{"line":28,"column":68}},"type":"binary-expr","locations":[{"start":{"line":28,"column":15},"end":{"line":28,"column":34}},{"start":{"line":28,"column":38},"end":{"line":28,"column":68}}],"line":28}},"s":{"0":1,"1":1,"2":1,"3":0,"4":0},"f":{"0":0,"1":0},"b":{"0":[1,1],"1":[1,0],"2":[0,0]},"_coverageSchema":"1a1c01bbd47fc00a2c39e90264f33305004495a9","hash":"76d7b62b4f3f7025fc8076fa5cba446765ddfe68"}
,"C:\\koulu2\\4_vuosi\\testing\\COMP.SE.200-Assignment\\src\\memoize.js": {"path":"C:\\koulu2\\4_vuosi\\testing\\COMP.SE.200-Assignment\\src\\memoize.js","statementMap":{"0":{"start":{"line":44,"column":2},"end":{"line":46,"column":3}},"1":{"start":{"line":45,"column":4},"end":{"line":45,"column":46}},"2":{"start":{"line":47,"column":19},"end":{"line":57,"column":3}},"3":{"start":{"line":48,"column":16},"end":{"line":48,"column":63}},"4":{"start":{"line":49,"column":18},"end":{"line":49,"column":32}},"5":{"start":{"line":51,"column":4},"end":{"line":53,"column":5}},"6":{"start":{"line":52,"column":6},"end":{"line":52,"column":27}},"7":{"start":{"line":54,"column":19},"end":{"line":54,"column":41}},"8":{"start":{"line":55,"column":4},"end":{"line":55,"column":52}},"9":{"start":{"line":56,"column":4},"end":{"line":56,"column":17}},"10":{"start":{"line":58,"column":2},"end":{"line":58,"column":45}},"11":{"start":{"line":59,"column":2},"end":{"line":59,"column":17}},"12":{"start":{"line":62,"column":0},"end":{"line":62,"column":19}}},"fnMap":{"0":{"name":"memoize","decl":{"start":{"line":43,"column":9},"end":{"line":43,"column":16}},"loc":{"start":{"line":43,"column":33},"end":{"line":60,"column":1}},"line":43},"1":{"name":"(anonymous_1)","decl":{"start":{"line":47,"column":19},"end":{"line":47,"column":20}},"loc":{"start":{"line":47,"column":37},"end":{"line":57,"column":3}},"line":47}},"branchMap":{"0":{"loc":{"start":{"line":44,"column":2},"end":{"line":46,"column":3}},"type":"if","locations":[{"start":{"line":44,"column":2},"end":{"line":46,"column":3}},{"start":{},"end":{}}],"line":44},"1":{"loc":{"start":{"line":44,"column":6},"end":{"line":44,"column":88}},"type":"binary-expr","locations":[{"start":{"line":44,"column":6},"end":{"line":44,"column":32}},{"start":{"line":44,"column":37},"end":{"line":44,"column":53}},{"start":{"line":44,"column":57},"end":{"line":44,"column":87}}],"line":44},"2":{"loc":{"start":{"line":48,"column":16},"end":{"line":48,"column":63}},"type":"cond-expr","locations":[{"start":{"line":48,"column":27},"end":{"line":48,"column":53}},{"start":{"line":48,"column":56},"end":{"line":48,"column":63}}],"line":48},"3":{"loc":{"start":{"line":51,"column":4},"end":{"line":53,"column":5}},"type":"if","locations":[{"start":{"line":51,"column":4},"end":{"line":53,"column":5}},{"start":{},"end":{}}],"line":51},"4":{"loc":{"start":{"line":55,"column":21},"end":{"line":55,"column":52}},"type":"binary-expr","locations":[{"start":{"line":55,"column":21},"end":{"line":55,"column":43}},{"start":{"line":55,"column":47},"end":{"line":55,"column":52}}],"line":55},"5":{"loc":{"start":{"line":58,"column":24},"end":{"line":58,"column":44}},"type":"binary-expr","locations":[{"start":{"line":58,"column":24},"end":{"line":58,"column":37}},{"start":{"line":58,"column":41},"end":{"line":58,"column":44}}],"line":58}},"s":{"0":1,"1":0,"2":1,"3":8,"4":8,"5":8,"6":3,"7":5,"8":5,"9":5,"10":1,"11":1,"12":1},"f":{"0":1,"1":8},"b":{"0":[0,1],"1":[1,1,1],"2":[8,0],"3":[3,5],"4":[5,0],"5":[1,0]},"_coverageSchema":"1a1c01bbd47fc00a2c39e90264f33305004495a9","hash":"af33bea0af6d0f9cd6e977b1dc78ae14d123ada9"}
,"C:\\koulu2\\4_vuosi\\testing\\COMP.SE.200-Assignment\\src\\toFinite.js": {"path":"C:\\koulu2\\4_vuosi\\testing\\COMP.SE.200-Assignment\\src\\toFinite.js","statementMap":{"0":{"start":{"line":4,"column":17},"end":{"line":4,"column":22}},"1":{"start":{"line":5,"column":20},"end":{"line":5,"column":43}},"2":{"start":{"line":29,"column":2},"end":{"line":31,"column":3}},"3":{"start":{"line":30,"column":4},"end":{"line":30,"column":34}},"4":{"start":{"line":32,"column":2},"end":{"line":32,"column":25}},"5":{"start":{"line":33,"column":2},"end":{"line":36,"column":3}},"6":{"start":{"line":34,"column":18},"end":{"line":34,"column":36}},"7":{"start":{"line":35,"column":4},"end":{"line":35,"column":29}},"8":{"start":{"line":37,"column":2},"end":{"line":37,"column":36}}},"fnMap":{"0":{"name":"toFinite","decl":{"start":{"line":28,"column":9},"end":{"line":28,"column":17}},"loc":{"start":{"line":28,"column":25},"end":{"line":38,"column":1}},"line":28}},"branchMap":{"0":{"loc":{"start":{"line":29,"column":2},"end":{"line":31,"column":3}},"type":"if","locations":[{"start":{"line":29,"column":2},"end":{"line":31,"column":3}},{"start":{},"end":{}}],"line":29},"1":{"loc":{"start":{"line":30,"column":11},"end":{"line":30,"column":34}},"type":"cond-expr","locations":[{"start":{"line":30,"column":25},"end":{"line":30,"column":30}},{"start":{"line":30,"column":33},"end":{"line":30,"column":34}}],"line":30},"2":{"loc":{"start":{"line":33,"column":2},"end":{"line":36,"column":3}},"type":"if","locations":[{"start":{"line":33,"column":2},"end":{"line":36,"column":3}},{"start":{},"end":{}}],"line":33},"3":{"loc":{"start":{"line":33,"column":6},"end":{"line":33,"column":47}},"type":"binary-expr","locations":[{"start":{"line":33,"column":6},"end":{"line":33,"column":24}},{"start":{"line":33,"column":28},"end":{"line":33,"column":47}}],"line":33},"4":{"loc":{"start":{"line":34,"column":18},"end":{"line":34,"column":36}},"type":"cond-expr","locations":[{"start":{"line":34,"column":30},"end":{"line":34,"column":32}},{"start":{"line":34,"column":35},"end":{"line":34,"column":36}}],"line":34},"5":{"loc":{"start":{"line":37,"column":9},"end":{"line":37,"column":36}},"type":"cond-expr","locations":[{"start":{"line":37,"column":27},"end":{"line":37,"column":32}},{"start":{"line":37,"column":35},"end":{"line":37,"column":36}}],"line":37}},"s":{"0":2,"1":2,"2":21,"3":8,"4":13,"5":13,"6":2,"7":2,"8":11},"f":{"0":21},"b":{"0":[8,13],"1":[3,5],"2":[2,11],"3":[13,11],"4":[0,2],"5":[10,1]},"_coverageSchema":"1a1c01bbd47fc00a2c39e90264f33305004495a9","hash":"4ac91f1a2ae3982f19573425b5e707c9f001b4bc"}
,"C:\\koulu2\\4_vuosi\\testing\\COMP.SE.200-Assignment\\src\\toInteger.js": {"path":"C:\\koulu2\\4_vuosi\\testing\\COMP.SE.200-Assignment\\src\\toInteger.js","statementMap":{"0":{"start":{"line":29,"column":17},"end":{"line":29,"column":32}},"1":{"start":{"line":30,"column":20},"end":{"line":30,"column":30}},"2":{"start":{"line":32,"column":2},"end":{"line":32,"column":48}}},"fnMap":{"0":{"name":"toInteger","decl":{"start":{"line":28,"column":9},"end":{"line":28,"column":18}},"loc":{"start":{"line":28,"column":26},"end":{"line":33,"column":1}},"line":28}},"branchMap":{"0":{"loc":{"start":{"line":32,"column":9},"end":{"line":32,"column":48}},"type":"cond-expr","locations":[{"start":{"line":32,"column":21},"end":{"line":32,"column":39}},{"start":{"line":32,"column":42},"end":{"line":32,"column":48}}],"line":32}},"s":{"0":12,"1":12,"2":12},"f":{"0":12},"b":{"0":[7,5]},"_coverageSchema":"1a1c01bbd47fc00a2c39e90264f33305004495a9","hash":"f379afbf3cba48d78c722211c3145e7b881a28fd"}
,"C:\\koulu2\\4_vuosi\\testing\\COMP.SE.200-Assignment\\src\\toNumber.js": {"path":"C:\\koulu2\\4_vuosi\\testing\\COMP.SE.200-Assignment\\src\\toNumber.js","statementMap":{"0":{"start":{"line":5,"column":12},"end":{"line":5,"column":17}},"1":{"start":{"line":8,"column":15},"end":{"line":8,"column":27}},"2":{"start":{"line":11,"column":19},"end":{"line":11,"column":39}},"3":{"start":{"line":14,"column":19},"end":{"line":14,"column":31}},"4":{"start":{"line":17,"column":18},"end":{"line":17,"column":31}},"5":{"start":{"line":20,"column":21},"end":{"line":20,"column":29}},"6":{"start":{"line":45,"column":2},"end":{"line":47,"column":3}},"7":{"start":{"line":46,"column":4},"end":{"line":46,"column":16}},"8":{"start":{"line":48,"column":2},"end":{"line":50,"column":3}},"9":{"start":{"line":49,"column":4},"end":{"line":49,"column":14}},"10":{"start":{"line":51,"column":2},"end":{"line":54,"column":3}},"11":{"start":{"line":52,"column":18},"end":{"line":52,"column":79}},"12":{"start":{"line":53,"column":4},"end":{"line":53,"column":48}},"13":{"start":{"line":55,"column":2},"end":{"line":57,"column":3}},"14":{"start":{"line":56,"column":4},"end":{"line":56,"column":39}},"15":{"start":{"line":58,"column":2},"end":{"line":58,"column":35}},"16":{"start":{"line":59,"column":19},"end":{"line":59,"column":41}},"17":{"start":{"line":60,"column":2},"end":{"line":62,"column":45}}},"fnMap":{"0":{"name":"toNumber","decl":{"start":{"line":44,"column":9},"end":{"line":44,"column":17}},"loc":{"start":{"line":44,"column":25},"end":{"line":63,"column":1}},"line":44}},"branchMap":{"0":{"loc":{"start":{"line":45,"column":2},"end":{"line":47,"column":3}},"type":"if","locations":[{"start":{"line":45,"column":2},"end":{"line":47,"column":3}},{"start":{},"end":{}}],"line":45},"1":{"loc":{"start":{"line":48,"column":2},"end":{"line":50,"column":3}},"type":"if","locations":[{"start":{"line":48,"column":2},"end":{"line":50,"column":3}},{"start":{},"end":{}}],"line":48},"2":{"loc":{"start":{"line":51,"column":2},"end":{"line":54,"column":3}},"type":"if","locations":[{"start":{"line":51,"column":2},"end":{"line":54,"column":3}},{"start":{},"end":{}}],"line":51},"3":{"loc":{"start":{"line":52,"column":18},"end":{"line":52,"column":79}},"type":"cond-expr","locations":[{"start":{"line":52,"column":56},"end":{"line":52,"column":71}},{"start":{"line":52,"column":74},"end":{"line":52,"column":79}}],"line":52},"4":{"loc":{"start":{"line":53,"column":12},"end":{"line":53,"column":48}},"type":"cond-expr","locations":[{"start":{"line":53,"column":30},"end":{"line":53,"column":40}},{"start":{"line":53,"column":43},"end":{"line":53,"column":48}}],"line":53},"5":{"loc":{"start":{"line":55,"column":2},"end":{"line":57,"column":3}},"type":"if","locations":[{"start":{"line":55,"column":2},"end":{"line":57,"column":3}},{"start":{},"end":{}}],"line":55},"6":{"loc":{"start":{"line":56,"column":11},"end":{"line":56,"column":39}},"type":"cond-expr","locations":[{"start":{"line":56,"column":25},"end":{"line":56,"column":30}},{"start":{"line":56,"column":33},"end":{"line":56,"column":39}}],"line":56},"7":{"loc":{"start":{"line":60,"column":9},"end":{"line":62,"column":45}},"type":"cond-expr","locations":[{"start":{"line":61,"column":6},"end":{"line":61,"column":52}},{"start":{"line":62,"column":7},"end":{"line":62,"column":44}}],"line":60},"8":{"loc":{"start":{"line":60,"column":10},"end":{"line":60,"column":43}},"type":"binary-expr","locations":[{"start":{"line":60,"column":10},"end":{"line":60,"column":18}},{"start":{"line":60,"column":22},"end":{"line":60,"column":43}}],"line":60},"9":{"loc":{"start":{"line":61,"column":35},"end":{"line":61,"column":51}},"type":"cond-expr","locations":[{"start":{"line":61,"column":46},"end":{"line":61,"column":47}},{"start":{"line":61,"column":50},"end":{"line":61,"column":51}}],"line":61},"10":{"loc":{"start":{"line":62,"column":7},"end":{"line":62,"column":44}},"type":"cond-expr","locations":[{"start":{"line":62,"column":32},"end":{"line":62,"column":35}},{"start":{"line":62,"column":38},"end":{"line":62,"column":44}}],"line":62}},"s":{"0":3,"1":3,"2":3,"3":3,"4":3,"5":3,"6":24,"7":9,"8":15,"9":0,"10":15,"11":2,"12":2,"13":15,"14":4,"15":11,"16":11,"17":11},"f":{"0":24},"b":{"0":[9,15],"1":[0,15],"2":[2,13],"3":[2,0],"4":[1,1],"5":[4,11],"6":[0,4],"7":[0,11],"8":[11,11],"9":[0,0],"10":[0,11]},"_coverageSchema":"1a1c01bbd47fc00a2c39e90264f33305004495a9","hash":"359ee8946d18e8543efc5d5a656cb62cd014a7f2"}
,"C:\\koulu2\\4_vuosi\\testing\\COMP.SE.200-Assignment\\src\\toString.js": {"path":"C:\\koulu2\\4_vuosi\\testing\\COMP.SE.200-Assignment\\src\\toString.js","statementMap":{"0":{"start":{"line":4,"column":17},"end":{"line":4,"column":22}},"1":{"start":{"line":28,"column":2},"end":{"line":30,"column":3}},"2":{"start":{"line":29,"column":4},"end":{"line":29,"column":16}},"3":{"start":{"line":31,"column":2},"end":{"line":34,"column":3}},"4":{"start":{"line":33,"column":4},"end":{"line":33,"column":77}},"5":{"start":{"line":33,"column":35},"end":{"line":33,"column":74}},"6":{"start":{"line":35,"column":2},"end":{"line":37,"column":3}},"7":{"start":{"line":36,"column":4},"end":{"line":36,"column":27}},"8":{"start":{"line":38,"column":17},"end":{"line":38,"column":27}},"9":{"start":{"line":39,"column":2},"end":{"line":39,"column":68}}},"fnMap":{"0":{"name":"toString","decl":{"start":{"line":25,"column":9},"end":{"line":25,"column":17}},"loc":{"start":{"line":25,"column":25},"end":{"line":40,"column":1}},"line":25},"1":{"name":"(anonymous_1)","decl":{"start":{"line":33,"column":24},"end":{"line":33,"column":25}},"loc":{"start":{"line":33,"column":35},"end":{"line":33,"column":74}},"line":33}},"branchMap":{"0":{"loc":{"start":{"line":28,"column":2},"end":{"line":30,"column":3}},"type":"if","locations":[{"start":{"line":28,"column":2},"end":{"line":30,"column":3}},{"start":{},"end":{}}],"line":28},"1":{"loc":{"start":{"line":31,"column":2},"end":{"line":34,"column":3}},"type":"if","locations":[{"start":{"line":31,"column":2},"end":{"line":34,"column":3}},{"start":{},"end":{}}],"line":31},"2":{"loc":{"start":{"line":33,"column":35},"end":{"line":33,"column":74}},"type":"cond-expr","locations":[{"start":{"line":33,"column":51},"end":{"line":33,"column":56}},{"start":{"line":33,"column":59},"end":{"line":33,"column":74}}],"line":33},"3":{"loc":{"start":{"line":35,"column":2},"end":{"line":37,"column":3}},"type":"if","locations":[{"start":{"line":35,"column":2},"end":{"line":37,"column":3}},{"start":{},"end":{}}],"line":35},"4":{"loc":{"start":{"line":39,"column":9},"end":{"line":39,"column":68}},"type":"cond-expr","locations":[{"start":{"line":39,"column":55},"end":{"line":39,"column":59}},{"start":{"line":39,"column":62},"end":{"line":39,"column":68}}],"line":39},"5":{"loc":{"start":{"line":39,"column":10},"end":{"line":39,"column":51}},"type":"binary-expr","locations":[{"start":{"line":39,"column":10},"end":{"line":39,"column":23}},{"start":{"line":39,"column":27},"end":{"line":39,"column":51}}],"line":39}},"s":{"0":1,"1":5,"2":1,"3":4,"4":0,"5":0,"6":4,"7":0,"8":4,"9":4},"f":{"0":5,"1":0},"b":{"0":[1,4],"1":[0,4],"2":[0,0],"3":[0,4],"4":[0,4],"5":[4,0]},"_coverageSchema":"1a1c01bbd47fc00a2c39e90264f33305004495a9","hash":"462fb163a21be1dcb6d922f0d9e2448c88aa4406"}
,"C:\\koulu2\\4_vuosi\\testing\\COMP.SE.200-Assignment\\src\\.internal\\baseAt.js": {"path":"C:\\koulu2\\4_vuosi\\testing\\COMP.SE.200-Assignment\\src\\.internal\\baseAt.js","statementMap":{"0":{"start":{"line":12,"column":14},"end":{"line":12,"column":16}},"1":{"start":{"line":13,"column":17},"end":{"line":13,"column":29}},"2":{"start":{"line":14,"column":17},"end":{"line":14,"column":34}},"3":{"start":{"line":15,"column":15},"end":{"line":15,"column":29}},"4":{"start":{"line":17,"column":2},"end":{"line":19,"column":3}},"5":{"start":{"line":18,"column":4},"end":{"line":18,"column":64}},"6":{"start":{"line":20,"column":2},"end":{"line":20,"column":15}}},"fnMap":{"0":{"name":"baseAt","decl":{"start":{"line":11,"column":9},"end":{"line":11,"column":15}},"loc":{"start":{"line":11,"column":31},"end":{"line":21,"column":1}},"line":11}},"branchMap":{"0":{"loc":{"start":{"line":18,"column":20},"end":{"line":18,"column":64}},"type":"cond-expr","locations":[{"start":{"line":18,"column":27},"end":{"line":18,"column":36}},{"start":{"line":18,"column":39},"end":{"line":18,"column":64}}],"line":18}},"s":{"0":5,"1":5,"2":5,"3":5,"4":5,"5":9,"6":5},"f":{"0":5},"b":{"0":[0,9]},"_coverageSchema":"1a1c01bbd47fc00a2c39e90264f33305004495a9","hash":"1f694faf990a55307b8f21ca812f75d0c641b42b"}
,"C:\\koulu2\\4_vuosi\\testing\\COMP.SE.200-Assignment\\src\\.internal\\baseFlatten.js": {"path":"C:\\koulu2\\4_vuosi\\testing\\COMP.SE.200-Assignment\\src\\.internal\\baseFlatten.js","statementMap":{"0":{"start":{"line":15,"column":2},"end":{"line":15,"column":42}},"1":{"start":{"line":16,"column":2},"end":{"line":16,"column":25}},"2":{"start":{"line":18,"column":2},"end":{"line":20,"column":3}},"3":{"start":{"line":19,"column":4},"end":{"line":19,"column":17}},"4":{"start":{"line":22,"column":2},"end":{"line":33,"column":3}},"5":{"start":{"line":23,"column":4},"end":{"line":32,"column":5}},"6":{"start":{"line":24,"column":6},"end":{"line":29,"column":7}},"7":{"start":{"line":26,"column":8},"end":{"line":26,"column":66}},"8":{"start":{"line":28,"column":8},"end":{"line":28,"column":29}},"9":{"start":{"line":30,"column":11},"end":{"line":32,"column":5}},"10":{"start":{"line":31,"column":6},"end":{"line":31,"column":35}},"11":{"start":{"line":34,"column":2},"end":{"line":34,"column":15}}},"fnMap":{"0":{"name":"baseFlatten","decl":{"start":{"line":14,"column":9},"end":{"line":14,"column":20}},"loc":{"start":{"line":14,"column":64},"end":{"line":35,"column":1}},"line":14}},"branchMap":{"0":{"loc":{"start":{"line":15,"column":2},"end":{"line":15,"column":42}},"type":"binary-expr","locations":[{"start":{"line":15,"column":2},"end":{"line":15,"column":11}},{"start":{"line":15,"column":16},"end":{"line":15,"column":41}}],"line":15},"1":{"loc":{"start":{"line":16,"column":2},"end":{"line":16,"column":25}},"type":"binary-expr","locations":[{"start":{"line":16,"column":2},"end":{"line":16,"column":8}},{"start":{"line":16,"column":13},"end":{"line":16,"column":24}}],"line":16},"2":{"loc":{"start":{"line":18,"column":2},"end":{"line":20,"column":3}},"type":"if","locations":[{"start":{"line":18,"column":2},"end":{"line":20,"column":3}},{"start":{},"end":{}}],"line":18},"3":{"loc":{"start":{"line":23,"column":4},"end":{"line":32,"column":5}},"type":"if","locations":[{"start":{"line":23,"column":4},"end":{"line":32,"column":5}},{"start":{"line":30,"column":11},"end":{"line":32,"column":5}}],"line":23},"4":{"loc":{"start":{"line":23,"column":8},"end":{"line":23,"column":37}},"type":"binary-expr","locations":[{"start":{"line":23,"column":8},"end":{"line":23,"column":17}},{"start":{"line":23,"column":21},"end":{"line":23,"column":37}}],"line":23},"5":{"loc":{"start":{"line":24,"column":6},"end":{"line":29,"column":7}},"type":"if","locations":[{"start":{"line":24,"column":6},"end":{"line":29,"column":7}},{"start":{"line":27,"column":13},"end":{"line":29,"column":7}}],"line":24},"6":{"loc":{"start":{"line":30,"column":11},"end":{"line":32,"column":5}},"type":"if","locations":[{"start":{"line":30,"column":11},"end":{"line":32,"column":5}},{"start":{},"end":{}}],"line":30}},"s":{"0":5,"1":5,"2":5,"3":0,"4":5,"5":5,"6":3,"7":0,"8":3,"9":2,"10":2,"11":5},"f":{"0":5},"b":{"0":[5,5],"1":[5,5],"2":[0,5],"3":[3,2],"4":[5,5],"5":[0,3],"6":[2,0]},"_coverageSchema":"1a1c01bbd47fc00a2c39e90264f33305004495a9","hash":"da0e35da54cc74c3a56d36d5f8f95bd64564e0da"}
,"C:\\koulu2\\4_vuosi\\testing\\COMP.SE.200-Assignment\\src\\.internal\\baseGet.js": {"path":"C:\\koulu2\\4_vuosi\\testing\\COMP.SE.200-Assignment\\src\\.internal\\baseGet.js","statementMap":{"0":{"start":{"line":13,"column":2},"end":{"line":13,"column":31}},"1":{"start":{"line":15,"column":14},"end":{"line":15,"column":15}},"2":{"start":{"line":16,"column":17},"end":{"line":16,"column":28}},"3":{"start":{"line":18,"column":2},"end":{"line":20,"column":3}},"4":{"start":{"line":19,"column":4},"end":{"line":19,"column":41}},"5":{"start":{"line":21,"column":2},"end":{"line":21,"column":56}}},"fnMap":{"0":{"name":"baseGet","decl":{"start":{"line":12,"column":9},"end":{"line":12,"column":16}},"loc":{"start":{"line":12,"column":31},"end":{"line":22,"column":1}},"line":12}},"branchMap":{"0":{"loc":{"start":{"line":18,"column":9},"end":{"line":18,"column":41}},"type":"binary-expr","locations":[{"start":{"line":18,"column":9},"end":{"line":18,"column":23}},{"start":{"line":18,"column":27},"end":{"line":18,"column":41}}],"line":18},"1":{"loc":{"start":{"line":21,"column":9},"end":{"line":21,"column":56}},"type":"cond-expr","locations":[{"start":{"line":21,"column":38},"end":{"line":21,"column":44}},{"start":{"line":21,"column":47},"end":{"line":21,"column":56}}],"line":21},"2":{"loc":{"start":{"line":21,"column":10},"end":{"line":21,"column":34}},"type":"binary-expr","locations":[{"start":{"line":21,"column":10},"end":{"line":21,"column":15}},{"start":{"line":21,"column":19},"end":{"line":21,"column":34}}],"line":21}},"s":{"0":9,"1":9,"2":9,"3":9,"4":31,"5":9},"f":{"0":9},"b":{"0":[40,38],"1":[9,0],"2":[9,9]},"_coverageSchema":"1a1c01bbd47fc00a2c39e90264f33305004495a9","hash":"8ca2be5502cecaa640d46ba019f02f1c6f46114d"}
,"C:\\koulu2\\4_vuosi\\testing\\COMP.SE.200-Assignment\\src\\.internal\\baseToNumber.js": {"path":"C:\\koulu2\\4_vuosi\\testing\\COMP.SE.200-Assignment\\src\\.internal\\baseToNumber.js","statementMap":{"0":{"start":{"line":4,"column":12},"end":{"line":4,"column":17}},"1":{"start":{"line":15,"column":2},"end":{"line":17,"column":3}},"2":{"start":{"line":16,"column":4},"end":{"line":16,"column":16}},"3":{"start":{"line":18,"column":2},"end":{"line":20,"column":3}},"4":{"start":{"line":19,"column":4},"end":{"line":19,"column":14}},"5":{"start":{"line":21,"column":2},"end":{"line":21,"column":15}}},"fnMap":{"0":{"name":"baseToNumber","decl":{"start":{"line":14,"column":9},"end":{"line":14,"column":21}},"loc":{"start":{"line":14,"column":29},"end":{"line":22,"column":1}},"line":14}},"branchMap":{"0":{"loc":{"start":{"line":15,"column":2},"end":{"line":17,"column":3}},"type":"if","locations":[{"start":{"line":15,"column":2},"end":{"line":17,"column":3}},{"start":{},"end":{}}],"line":15},"1":{"loc":{"start":{"line":18,"column":2},"end":{"line":20,"column":3}},"type":"if","locations":[{"start":{"line":18,"column":2},"end":{"line":20,"column":3}},{"start":{},"end":{}}],"line":18}},"s":{"0":2,"1":16,"2":16,"3":0,"4":0,"5":0},"f":{"0":16},"b":{"0":[16,0],"1":[0,0]},"_coverageSchema":"1a1c01bbd47fc00a2c39e90264f33305004495a9","hash":"791bb775d7b36ec9a4784a13b24b9b80916a4657"}
,"C:\\koulu2\\4_vuosi\\testing\\COMP.SE.200-Assignment\\src\\.internal\\baseToString.js": {"path":"C:\\koulu2\\4_vuosi\\testing\\COMP.SE.200-Assignment\\src\\.internal\\baseToString.js","statementMap":{"0":{"start":{"line":4,"column":17},"end":{"line":4,"column":22}},"1":{"start":{"line":7,"column":23},"end":{"line":7,"column":48}},"2":{"start":{"line":19,"column":2},"end":{"line":21,"column":3}},"3":{"start":{"line":20,"column":4},"end":{"line":20,"column":16}},"4":{"start":{"line":22,"column":2},"end":{"line":25,"column":3}},"5":{"start":{"line":24,"column":4},"end":{"line":24,"column":39}},"6":{"start":{"line":26,"column":2},"end":{"line":28,"column":3}},"7":{"start":{"line":27,"column":4},"end":{"line":27,"column":59}},"8":{"start":{"line":29,"column":17},"end":{"line":29,"column":27}},"9":{"start":{"line":30,"column":2},"end":{"line":30,"column":68}}},"fnMap":{"0":{"name":"baseToString","decl":{"start":{"line":17,"column":9},"end":{"line":17,"column":21}},"loc":{"start":{"line":17,"column":29},"end":{"line":31,"column":1}},"line":17}},"branchMap":{"0":{"loc":{"start":{"line":19,"column":2},"end":{"line":21,"column":3}},"type":"if","locations":[{"start":{"line":19,"column":2},"end":{"line":21,"column":3}},{"start":{},"end":{}}],"line":19},"1":{"loc":{"start":{"line":22,"column":2},"end":{"line":25,"column":3}},"type":"if","locations":[{"start":{"line":22,"column":2},"end":{"line":25,"column":3}},{"start":{},"end":{}}],"line":22},"2":{"loc":{"start":{"line":26,"column":2},"end":{"line":28,"column":3}},"type":"if","locations":[{"start":{"line":26,"column":2},"end":{"line":28,"column":3}},{"start":{},"end":{}}],"line":26},"3":{"loc":{"start":{"line":27,"column":11},"end":{"line":27,"column":59}},"type":"cond-expr","locations":[{"start":{"line":27,"column":28},"end":{"line":27,"column":54}},{"start":{"line":27,"column":57},"end":{"line":27,"column":59}}],"line":27},"4":{"loc":{"start":{"line":30,"column":9},"end":{"line":30,"column":68}},"type":"cond-expr","locations":[{"start":{"line":30,"column":55},"end":{"line":30,"column":59}},{"start":{"line":30,"column":62},"end":{"line":30,"column":68}}],"line":30},"5":{"loc":{"start":{"line":30,"column":10},"end":{"line":30,"column":51}},"type":"binary-expr","locations":[{"start":{"line":30,"column":10},"end":{"line":30,"column":23}},{"start":{"line":30,"column":27},"end":{"line":30,"column":51}}],"line":30}},"s":{"0":2,"1":2,"2":0,"3":0,"4":0,"5":0,"6":0,"7":0,"8":0,"9":0},"f":{"0":0},"b":{"0":[0,0],"1":[0,0],"2":[0,0],"3":[0,0],"4":[0,0],"5":[0,0]},"_coverageSchema":"1a1c01bbd47fc00a2c39e90264f33305004495a9","hash":"da7720fd3c27d2ce3b1f96c3b851a6a46f9b37ff"}
,"C:\\koulu2\\4_vuosi\\testing\\COMP.SE.200-Assignment\\src\\.internal\\castPath.js": {"path":"C:\\koulu2\\4_vuosi\\testing\\COMP.SE.200-Assignment\\src\\.internal\\castPath.js","statementMap":{"0":{"start":{"line":13,"column":2},"end":{"line":15,"column":3}},"1":{"start":{"line":14,"column":4},"end":{"line":14,"column":16}},"2":{"start":{"line":16,"column":2},"end":{"line":16,"column":61}}},"fnMap":{"0":{"name":"castPath","decl":{"start":{"line":12,"column":9},"end":{"line":12,"column":17}},"loc":{"start":{"line":12,"column":33},"end":{"line":17,"column":1}},"line":12}},"branchMap":{"0":{"loc":{"start":{"line":13,"column":2},"end":{"line":15,"column":3}},"type":"if","locations":[{"start":{"line":13,"column":2},"end":{"line":15,"column":3}},{"start":{},"end":{}}],"line":13},"1":{"loc":{"start":{"line":16,"column":9},"end":{"line":16,"column":61}},"type":"cond-expr","locations":[{"start":{"line":16,"column":32},"end":{"line":16,"column":39}},{"start":{"line":16,"column":42},"end":{"line":16,"column":61}}],"line":16}},"s":{"0":9,"1":0,"2":9},"f":{"0":9},"b":{"0":[0,9],"1":[1,8]},"_coverageSchema":"1a1c01bbd47fc00a2c39e90264f33305004495a9","hash":"b47eed8e44a40b3dbef51e5ccd8e10c58f9b0109"}
,"C:\\koulu2\\4_vuosi\\testing\\COMP.SE.200-Assignment\\src\\.internal\\createMathOperation.js": {"path":"C:\\koulu2\\4_vuosi\\testing\\COMP.SE.200-Assignment\\src\\.internal\\createMathOperation.js","statementMap":{"0":{"start":{"line":13,"column":2},"end":{"line":32,"column":3}},"1":{"start":{"line":14,"column":4},"end":{"line":16,"column":5}},"2":{"start":{"line":15,"column":6},"end":{"line":15,"column":25}},"3":{"start":{"line":17,"column":4},"end":{"line":19,"column":5}},"4":{"start":{"line":18,"column":6},"end":{"line":18,"column":18}},"5":{"start":{"line":20,"column":4},"end":{"line":22,"column":5}},"6":{"start":{"line":21,"column":6},"end":{"line":21,"column":18}},"7":{"start":{"line":23,"column":4},"end":{"line":30,"column":5}},"8":{"start":{"line":24,"column":6},"end":{"line":24,"column":33}},"9":{"start":{"line":25,"column":6},"end":{"line":25,"column":33}},"10":{"start":{"line":28,"column":6},"end":{"line":28,"column":33}},"11":{"start":{"line":29,"column":6},"end":{"line":29,"column":33}},"12":{"start":{"line":31,"column":4},"end":{"line":31,"column":33}}},"fnMap":{"0":{"name":"createMathOperation","decl":{"start":{"line":12,"column":9},"end":{"line":12,"column":28}},"loc":{"start":{"line":12,"column":53},"end":{"line":33,"column":1}},"line":12},"1":{"name":"(anonymous_1)","decl":{"start":{"line":13,"column":9},"end":{"line":13,"column":10}},"loc":{"start":{"line":13,"column":27},"end":{"line":32,"column":3}},"line":13}},"branchMap":{"0":{"loc":{"start":{"line":14,"column":4},"end":{"line":16,"column":5}},"type":"if","locations":[{"start":{"line":14,"column":4},"end":{"line":16,"column":5}},{"start":{},"end":{}}],"line":14},"1":{"loc":{"start":{"line":14,"column":8},"end":{"line":14,"column":50}},"type":"binary-expr","locations":[{"start":{"line":14,"column":8},"end":{"line":14,"column":27}},{"start":{"line":14,"column":31},"end":{"line":14,"column":50}}],"line":14},"2":{"loc":{"start":{"line":17,"column":4},"end":{"line":19,"column":5}},"type":"if","locations":[{"start":{"line":17,"column":4},"end":{"line":19,"column":5}},{"start":{},"end":{}}],"line":17},"3":{"loc":{"start":{"line":17,"column":8},"end":{"line":17,"column":50}},"type":"binary-expr","locations":[{"start":{"line":17,"column":8},"end":{"line":17,"column":27}},{"start":{"line":17,"column":31},"end":{"line":17,"column":50}}],"line":17},"4":{"loc":{"start":{"line":20,"column":4},"end":{"line":22,"column":5}},"type":"if","locations":[{"start":{"line":20,"column":4},"end":{"line":22,"column":5}},{"start":{},"end":{}}],"line":20},"5":{"loc":{"start":{"line":20,"column":8},"end":{"line":20,"column":50}},"type":"binary-expr","locations":[{"start":{"line":20,"column":8},"end":{"line":20,"column":27}},{"start":{"line":20,"column":31},"end":{"line":20,"column":50}}],"line":20},"6":{"loc":{"start":{"line":23,"column":4},"end":{"line":30,"column":5}},"type":"if","locations":[{"start":{"line":23,"column":4},"end":{"line":30,"column":5}},{"start":{"line":27,"column":9},"end":{"line":30,"column":5}}],"line":23},"7":{"loc":{"start":{"line":23,"column":8},"end":{"line":23,"column":62}},"type":"binary-expr","locations":[{"start":{"line":23,"column":8},"end":{"line":23,"column":33}},{"start":{"line":23,"column":37},"end":{"line":23,"column":62}}],"line":23}},"s":{"0":2,"1":8,"2":0,"3":8,"4":0,"5":8,"6":0,"7":8,"8":0,"9":0,"10":8,"11":8,"12":8},"f":{"0":2,"1":8},"b":{"0":[0,8],"1":[8,0],"2":[0,8],"3":[8,8],"4":[0,8],"5":[8,8],"6":[0,8],"7":[8,8]},"_coverageSchema":"1a1c01bbd47fc00a2c39e90264f33305004495a9","hash":"3b4f560ff87dd98f724ec0b318faf9c7d3103d5f"}
,"C:\\koulu2\\4_vuosi\\testing\\COMP.SE.200-Assignment\\src\\.internal\\freeGlobal.js": {"path":"C:\\koulu2\\4_vuosi\\testing\\COMP.SE.200-Assignment\\src\\.internal\\freeGlobal.js","statementMap":{"0":{"start":{"line":2,"column":19},"end":{"line":2,"column":102}}},"fnMap":{},"branchMap":{"0":{"loc":{"start":{"line":2,"column":19},"end":{"line":2,"column":102}},"type":"binary-expr","locations":[{"start":{"line":2,"column":19},"end":{"line":2,"column":45}},{"start":{"line":2,"column":49},"end":{"line":2,"column":64}},{"start":{"line":2,"column":68},"end":{"line":2,"column":92}},{"start":{"line":2,"column":96},"end":{"line":2,"column":102}}],"line":2}},"s":{"0":2},"f":{},"b":{"0":[2,2,2,2]},"_coverageSchema":"1a1c01bbd47fc00a2c39e90264f33305004495a9","hash":"8a74b061467ecea58172b554efade102b2b9dd59"}
,"C:\\koulu2\\4_vuosi\\testing\\COMP.SE.200-Assignment\\src\\.internal\\getTag.js": {"path":"C:\\koulu2\\4_vuosi\\testing\\COMP.SE.200-Assignment\\src\\.internal\\getTag.js","statementMap":{"0":{"start":{"line":1,"column":17},"end":{"line":1,"column":42}},"1":{"start":{"line":11,"column":2},"end":{"line":13,"column":3}},"2":{"start":{"line":12,"column":4},"end":{"line":12,"column":71}},"3":{"start":{"line":14,"column":2},"end":{"line":14,"column":29}}},"fnMap":{"0":{"name":"getTag","decl":{"start":{"line":10,"column":9},"end":{"line":10,"column":15}},"loc":{"start":{"line":10,"column":23},"end":{"line":15,"column":1}},"line":10}},"branchMap":{"0":{"loc":{"start":{"line":11,"column":2},"end":{"line":13,"column":3}},"type":"if","locations":[{"start":{"line":11,"column":2},"end":{"line":13,"column":3}},{"start":{},"end":{}}],"line":11},"1":{"loc":{"start":{"line":12,"column":11},"end":{"line":12,"column":71}},"type":"cond-expr","locations":[{"start":{"line":12,"column":33},"end":{"line":12,"column":53}},{"start":{"line":12,"column":56},"end":{"line":12,"column":71}}],"line":12}},"s":{"0":9,"1":12,"2":0,"3":12},"f":{"0":12},"b":{"0":[0,12],"1":[0,0]},"_coverageSchema":"1a1c01bbd47fc00a2c39e90264f33305004495a9","hash":"a09cd3d95cfc1b05d8b59c444684c1419bcc53a7"}
,"C:\\koulu2\\4_vuosi\\testing\\COMP.SE.200-Assignment\\src\\.internal\\isFlattenable.js": {"path":"C:\\koulu2\\4_vuosi\\testing\\COMP.SE.200-Assignment\\src\\.internal\\isFlattenable.js","statementMap":{"0":{"start":{"line":4,"column":25},"end":{"line":4,"column":50}},"1":{"start":{"line":14,"column":2},"end":{"line":15,"column":40}}},"fnMap":{"0":{"name":"isFlattenable","decl":{"start":{"line":13,"column":9},"end":{"line":13,"column":22}},"loc":{"start":{"line":13,"column":30},"end":{"line":16,"column":1}},"line":13}},"branchMap":{"0":{"loc":{"start":{"line":14,"column":9},"end":{"line":15,"column":40}},"type":"binary-expr","locations":[{"start":{"line":14,"column":9},"end":{"line":14,"column":29}},{"start":{"line":14,"column":33},"end":{"line":14,"column":51}},{"start":{"line":15,"column":4},"end":{"line":15,"column":40}}],"line":14},"1":{"loc":{"start":{"line":15,"column":7},"end":{"line":15,"column":39}},"type":"binary-expr","locations":[{"start":{"line":15,"column":7},"end":{"line":15,"column":12}},{"start":{"line":15,"column":16},"end":{"line":15,"column":39}}],"line":15}},"s":{"0":1,"1":5},"f":{"0":5},"b":{"0":[5,2,2],"1":[2,2]},"_coverageSchema":"1a1c01bbd47fc00a2c39e90264f33305004495a9","hash":"b5ead068daa18f33fd479b5afb1713a91adbe0c8"}
,"C:\\koulu2\\4_vuosi\\testing\\COMP.SE.200-Assignment\\src\\.internal\\isKey.js": {"path":"C:\\koulu2\\4_vuosi\\testing\\COMP.SE.200-Assignment\\src\\.internal\\isKey.js","statementMap":{"0":{"start":{"line":4,"column":21},"end":{"line":4,"column":71}},"1":{"start":{"line":5,"column":22},"end":{"line":5,"column":29}},"2":{"start":{"line":16,"column":2},"end":{"line":18,"column":3}},"3":{"start":{"line":17,"column":4},"end":{"line":17,"column":16}},"4":{"start":{"line":19,"column":15},"end":{"line":19,"column":27}},"5":{"start":{"line":20,"column":2},"end":{"line":22,"column":3}},"6":{"start":{"line":21,"column":4},"end":{"line":21,"column":15}},"7":{"start":{"line":23,"column":2},"end":{"line":24,"column":47}}},"fnMap":{"0":{"name":"isKey","decl":{"start":{"line":15,"column":9},"end":{"line":15,"column":14}},"loc":{"start":{"line":15,"column":30},"end":{"line":25,"column":1}},"line":15}},"branchMap":{"0":{"loc":{"start":{"line":16,"column":2},"end":{"line":18,"column":3}},"type":"if","locations":[{"start":{"line":16,"column":2},"end":{"line":18,"column":3}},{"start":{},"end":{}}],"line":16},"1":{"loc":{"start":{"line":20,"column":2},"end":{"line":22,"column":3}},"type":"if","locations":[{"start":{"line":20,"column":2},"end":{"line":22,"column":3}},{"start":{},"end":{}}],"line":20},"2":{"loc":{"start":{"line":20,"column":6},"end":{"line":20,"column":81}},"type":"binary-expr","locations":[{"start":{"line":20,"column":6},"end":{"line":20,"column":23}},{"start":{"line":20,"column":27},"end":{"line":20,"column":45}},{"start":{"line":20,"column":49},"end":{"line":20,"column":62}},{"start":{"line":20,"column":66},"end":{"line":20,"column":81}}],"line":20},"3":{"loc":{"start":{"line":23,"column":9},"end":{"line":24,"column":47}},"type":"binary-expr","locations":[{"start":{"line":23,"column":9},"end":{"line":23,"column":34}},{"start":{"line":23,"column":38},"end":{"line":23,"column":63}},{"start":{"line":24,"column":5},"end":{"line":24,"column":19}},{"start":{"line":24,"column":23},"end":{"line":24,"column":46}}],"line":23}},"s":{"0":1,"1":1,"2":9,"3":0,"4":9,"5":9,"6":0,"7":9},"f":{"0":9},"b":{"0":[0,9],"1":[0,9],"2":[9,9,9,9],"3":[9,8,8,8]},"_coverageSchema":"1a1c01bbd47fc00a2c39e90264f33305004495a9","hash":"6527dc303e788e1de4630d8fdc7f0ba1bbb6a988"}
,"C:\\koulu2\\4_vuosi\\testing\\COMP.SE.200-Assignment\\src\\.internal\\isPrototype.js": {"path":"C:\\koulu2\\4_vuosi\\testing\\COMP.SE.200-Assignment\\src\\.internal\\isPrototype.js","statementMap":{"0":{"start":{"line":2,"column":20},"end":{"line":2,"column":36}},"1":{"start":{"line":12,"column":15},"end":{"line":12,"column":41}},"2":{"start":{"line":13,"column":16},"end":{"line":13,"column":77}},"3":{"start":{"line":15,"column":2},"end":{"line":15,"column":24}}},"fnMap":{"0":{"name":"isPrototype","decl":{"start":{"line":11,"column":9},"end":{"line":11,"column":20}},"loc":{"start":{"line":11,"column":28},"end":{"line":16,"column":1}},"line":11}},"branchMap":{"0":{"loc":{"start":{"line":12,"column":15},"end":{"line":12,"column":41}},"type":"binary-expr","locations":[{"start":{"line":12,"column":15},"end":{"line":12,"column":20}},{"start":{"line":12,"column":24},"end":{"line":12,"column":41}}],"line":12},"1":{"loc":{"start":{"line":13,"column":16},"end":{"line":13,"column":77}},"type":"binary-expr","locations":[{"start":{"line":13,"column":17},"end":{"line":13,"column":43}},{"start":{"line":13,"column":47},"end":{"line":13,"column":61}},{"start":{"line":13,"column":66},"end":{"line":13,"column":77}}],"line":13}},"s":{"0":1,"1":10,"2":10,"3":10},"f":{"0":10},"b":{"0":[10,8],"1":[10,7,3]},"_coverageSchema":"1a1c01bbd47fc00a2c39e90264f33305004495a9","hash":"f7e7a23eb6a8f6650c8ec24af98610cd6369e1bb"}
,"C:\\koulu2\\4_vuosi\\testing\\COMP.SE.200-Assignment\\src\\.internal\\memoizeCapped.js": {"path":"C:\\koulu2\\4_vuosi\\testing\\COMP.SE.200-Assignment\\src\\.internal\\memoizeCapped.js","statementMap":{"0":{"start":{"line":4,"column":25},"end":{"line":4,"column":28}},"1":{"start":{"line":15,"column":17},"end":{"line":21,"column":4}},"2":{"start":{"line":16,"column":22},"end":{"line":16,"column":28}},"3":{"start":{"line":17,"column":4},"end":{"line":19,"column":5}},"4":{"start":{"line":18,"column":6},"end":{"line":18,"column":19}},"5":{"start":{"line":20,"column":4},"end":{"line":20,"column":14}},"6":{"start":{"line":23,"column":2},"end":{"line":23,"column":15}}},"fnMap":{"0":{"name":"memoizeCapped","decl":{"start":{"line":14,"column":9},"end":{"line":14,"column":22}},"loc":{"start":{"line":14,"column":29},"end":{"line":24,"column":1}},"line":14},"1":{"name":"(anonymous_1)","decl":{"start":{"line":15,"column":31},"end":{"line":15,"column":32}},"loc":{"start":{"line":15,"column":40},"end":{"line":21,"column":3}},"line":15}},"branchMap":{"0":{"loc":{"start":{"line":17,"column":4},"end":{"line":19,"column":5}},"type":"if","locations":[{"start":{"line":17,"column":4},"end":{"line":19,"column":5}},{"start":{},"end":{}}],"line":17}},"s":{"0":1,"1":1,"2":8,"3":8,"4":0,"5":8,"6":1},"f":{"0":1,"1":8},"b":{"0":[0,8]},"_coverageSchema":"1a1c01bbd47fc00a2c39e90264f33305004495a9","hash":"2f0c9bf6b45dd679170d38a2a76fd233ecead8e4"}
,"C:\\koulu2\\4_vuosi\\testing\\COMP.SE.200-Assignment\\src\\.internal\\nodeTypes.js": {"path":"C:\\koulu2\\4_vuosi\\testing\\COMP.SE.200-Assignment\\src\\.internal\\nodeTypes.js","statementMap":{"0":{"start":{"line":4,"column":20},"end":{"line":4,"column":99}},"1":{"start":{"line":7,"column":19},"end":{"line":7,"column":109}},"2":{"start":{"line":10,"column":22},"end":{"line":10,"column":70}},"3":{"start":{"line":13,"column":20},"end":{"line":13,"column":55}},"4":{"start":{"line":16,"column":19},"end":{"line":26,"column":4}},"5":{"start":{"line":17,"column":2},"end":{"line":25,"column":16}},"6":{"start":{"line":20,"column":24},"end":{"line":20,"column":92}},"7":{"start":{"line":21,"column":4},"end":{"line":24,"column":73}}},"fnMap":{"0":{"name":"(anonymous_0)","decl":{"start":{"line":16,"column":20},"end":{"line":16,"column":21}},"loc":{"start":{"line":16,"column":26},"end":{"line":26,"column":1}},"line":16}},"branchMap":{"0":{"loc":{"start":{"line":4,"column":20},"end":{"line":4,"column":99}},"type":"binary-expr","locations":[{"start":{"line":4,"column":20},"end":{"line":4,"column":47}},{"start":{"line":4,"column":51},"end":{"line":4,"column":67}},{"start":{"line":4,"column":71},"end":{"line":4,"column":88}},{"start":{"line":4,"column":92},"end":{"line":4,"column":99}}],"line":4},"1":{"loc":{"start":{"line":7,"column":19},"end":{"line":7,"column":109}},"type":"binary-expr","locations":[{"start":{"line":7,"column":19},"end":{"line":7,"column":30}},{"start":{"line":7,"column":34},"end":{"line":7,"column":60}},{"start":{"line":7,"column":64},"end":{"line":7,"column":79}},{"start":{"line":7,"column":83},"end":{"line":7,"column":99}},{"start":{"line":7,"column":103},"end":{"line":7,"column":109}}],"line":7},"2":{"loc":{"start":{"line":10,"column":22},"end":{"line":10,"column":70}},"type":"binary-expr","locations":[{"start":{"line":10,"column":22},"end":{"line":10,"column":32}},{"start":{"line":10,"column":36},"end":{"line":10,"column":70}}],"line":10},"3":{"loc":{"start":{"line":13,"column":20},"end":{"line":13,"column":55}},"type":"binary-expr","locations":[{"start":{"line":13,"column":20},"end":{"line":13,"column":33}},{"start":{"line":13,"column":37},"end":{"line":13,"column":55}}],"line":13},"4":{"loc":{"start":{"line":20,"column":24},"end":{"line":20,"column":92}},"type":"binary-expr","locations":[{"start":{"line":20,"column":24},"end":{"line":20,"column":34}},{"start":{"line":20,"column":38},"end":{"line":20,"column":56}},{"start":{"line":20,"column":60},"end":{"line":20,"column":92}}],"line":20},"5":{"loc":{"start":{"line":21,"column":11},"end":{"line":24,"column":73}},"type":"cond-expr","locations":[{"start":{"line":22,"column":8},"end":{"line":22,"column":19}},{"start":{"line":24,"column":8},"end":{"line":24,"column":73}}],"line":21},"6":{"loc":{"start":{"line":24,"column":8},"end":{"line":24,"column":73}},"type":"binary-expr","locations":[{"start":{"line":24,"column":8},"end":{"line":24,"column":19}},{"start":{"line":24,"column":23},"end":{"line":24,"column":42}},{"start":{"line":24,"column":46},"end":{"line":24,"column":73}}],"line":24}},"s":{"0":2,"1":2,"2":2,"3":2,"4":2,"5":2,"6":2,"7":2},"f":{"0":2},"b":{"0":[2,2,2,2],"1":[2,2,2,2,2],"2":[2,2],"3":[2,2],"4":[2,2,2],"5":[2,0],"6":[0,0,0]},"_coverageSchema":"1a1c01bbd47fc00a2c39e90264f33305004495a9","hash":"c214e51c5716fe6557a53fc0bdc4daa0fd960ab9"}
,"C:\\koulu2\\4_vuosi\\testing\\COMP.SE.200-Assignment\\src\\.internal\\root.js": {"path":"C:\\koulu2\\4_vuosi\\testing\\COMP.SE.200-Assignment\\src\\.internal\\root.js","statementMap":{"0":{"start":{"line":5,"column":23},"end":{"line":5,"column":121}},"1":{"start":{"line":8,"column":17},"end":{"line":8,"column":92}},"2":{"start":{"line":11,"column":13},"end":{"line":11,"column":82}}},"fnMap":{},"branchMap":{"0":{"loc":{"start":{"line":5,"column":23},"end":{"line":5,"column":121}},"type":"binary-expr","locations":[{"start":{"line":5,"column":23},"end":{"line":5,"column":53}},{"start":{"line":5,"column":57},"end":{"line":5,"column":76}},{"start":{"line":5,"column":80},"end":{"line":5,"column":107}},{"start":{"line":5,"column":111},"end":{"line":5,"column":121}}],"line":5},"1":{"loc":{"start":{"line":8,"column":17},"end":{"line":8,"column":92}},"type":"binary-expr","locations":[{"start":{"line":8,"column":17},"end":{"line":8,"column":41}},{"start":{"line":8,"column":45},"end":{"line":8,"column":58}},{"start":{"line":8,"column":62},"end":{"line":8,"column":84}},{"start":{"line":8,"column":88},"end":{"line":8,"column":92}}],"line":8},"2":{"loc":{"start":{"line":11,"column":13},"end":{"line":11,"column":82}},"type":"binary-expr","locations":[{"start":{"line":11,"column":13},"end":{"line":11,"column":27}},{"start":{"line":11,"column":31},"end":{"line":11,"column":41}},{"start":{"line":11,"column":45},"end":{"line":11,"column":53}},{"start":{"line":11,"column":57},"end":{"line":11,"column":82}}],"line":11}},"s":{"0":1,"1":1,"2":1},"f":{},"b":{"0":[1,1,1,1],"1":[1,0,0,0],"2":[1,0,0,0]},"_coverageSchema":"1a1c01bbd47fc00a2c39e90264f33305004495a9","hash":"e9183eb01892b781c8261a5930043b418f43547c"}
,"C:\\koulu2\\4_vuosi\\testing\\COMP.SE.200-Assignment\\src\\.internal\\stringToPath.js": {"path":"C:\\koulu2\\4_vuosi\\testing\\COMP.SE.200-Assignment\\src\\.internal\\stringToPath.js","statementMap":{"0":{"start":{"line":3,"column":22},"end":{"line":3,"column":39}},"1":{"start":{"line":4,"column":21},"end":{"line":4,"column":31}},"2":{"start":{"line":5,"column":19},"end":{"line":17,"column":8}},"3":{"start":{"line":26,"column":21},"end":{"line":42,"column":2}},"4":{"start":{"line":27,"column":17},"end":{"line":27,"column":19}},"5":{"start":{"line":28,"column":2},"end":{"line":30,"column":3}},"6":{"start":{"line":29,"column":4},"end":{"line":29,"column":19}},"7":{"start":{"line":31,"column":2},"end":{"line":40,"column":4}},"8":{"start":{"line":32,"column":14},"end":{"line":32,"column":19}},"9":{"start":{"line":33,"column":4},"end":{"line":38,"column":5}},"10":{"start":{"line":34,"column":6},"end":{"line":34,"column":49}},"11":{"start":{"line":36,"column":9},"end":{"line":38,"column":5}},"12":{"start":{"line":37,"column":6},"end":{"line":37,"column":29}},"13":{"start":{"line":39,"column":4},"end":{"line":39,"column":20}},"14":{"start":{"line":41,"column":2},"end":{"line":41,"column":15}}},"fnMap":{"0":{"name":"(anonymous_0)","decl":{"start":{"line":26,"column":35},"end":{"line":26,"column":36}},"loc":{"start":{"line":26,"column":47},"end":{"line":42,"column":1}},"line":26},"1":{"name":"(anonymous_1)","decl":{"start":{"line":31,"column":29},"end":{"line":31,"column":30}},"loc":{"start":{"line":31,"column":70},"end":{"line":40,"column":3}},"line":31}},"branchMap":{"0":{"loc":{"start":{"line":28,"column":2},"end":{"line":30,"column":3}},"type":"if","locations":[{"start":{"line":28,"column":2},"end":{"line":30,"column":3}},{"start":{},"end":{}}],"line":28},"1":{"loc":{"start":{"line":33,"column":4},"end":{"line":38,"column":5}},"type":"if","locations":[{"start":{"line":33,"column":4},"end":{"line":38,"column":5}},{"start":{"line":36,"column":9},"end":{"line":38,"column":5}}],"line":33},"2":{"loc":{"start":{"line":36,"column":9},"end":{"line":38,"column":5}},"type":"if","locations":[{"start":{"line":36,"column":9},"end":{"line":38,"column":5}},{"start":{},"end":{}}],"line":36}},"s":{"0":1,"1":1,"2":1,"3":1,"4":5,"5":5,"6":0,"7":5,"8":20,"9":20,"10":0,"11":20,"12":7,"13":20,"14":5},"f":{"0":5,"1":20},"b":{"0":[0,5],"1":[0,20],"2":[7,13]},"_coverageSchema":"1a1c01bbd47fc00a2c39e90264f33305004495a9","hash":"387896213694ef5978c4d3d955b588f6ab5bb43a"}
,"C:\\koulu2\\4_vuosi\\testing\\COMP.SE.200-Assignment\\src\\.internal\\toKey.js": {"path":"C:\\koulu2\\4_vuosi\\testing\\COMP.SE.200-Assignment\\src\\.internal\\toKey.js","statementMap":{"0":{"start":{"line":4,"column":17},"end":{"line":4,"column":22}},"1":{"start":{"line":14,"column":2},"end":{"line":16,"column":3}},"2":{"start":{"line":15,"column":4},"end":{"line":15,"column":16}},"3":{"start":{"line":17,"column":17},"end":{"line":17,"column":27}},"4":{"start":{"line":18,"column":2},"end":{"line":18,"column":68}}},"fnMap":{"0":{"name":"toKey","decl":{"start":{"line":13,"column":9},"end":{"line":13,"column":14}},"loc":{"start":{"line":13,"column":22},"end":{"line":19,"column":1}},"line":13}},"branchMap":{"0":{"loc":{"start":{"line":14,"column":2},"end":{"line":16,"column":3}},"type":"if","locations":[{"start":{"line":14,"column":2},"end":{"line":16,"column":3}},{"start":{},"end":{}}],"line":14},"1":{"loc":{"start":{"line":14,"column":6},"end":{"line":14,"column":50}},"type":"binary-expr","locations":[{"start":{"line":14,"column":6},"end":{"line":14,"column":31}},{"start":{"line":14,"column":35},"end":{"line":14,"column":50}}],"line":14},"2":{"loc":{"start":{"line":18,"column":9},"end":{"line":18,"column":68}},"type":"cond-expr","locations":[{"start":{"line":18,"column":55},"end":{"line":18,"column":59}},{"start":{"line":18,"column":62},"end":{"line":18,"column":68}}],"line":18},"3":{"loc":{"start":{"line":18,"column":10},"end":{"line":18,"column":51}},"type":"binary-expr","locations":[{"start":{"line":18,"column":10},"end":{"line":18,"column":23}},{"start":{"line":18,"column":27},"end":{"line":18,"column":51}}],"line":18}},"s":{"0":1,"1":31,"2":31,"3":0,"4":0},"f":{"0":31},"b":{"0":[31,0],"1":[31,0],"2":[0,0],"3":[0,0]},"_coverageSchema":"1a1c01bbd47fc00a2c39e90264f33305004495a9","hash":"4ee155b8913601ab0cbff0c4704945e486cd39e1"}
}
