TN:
SF:src\add.js
FN:16,(anonymous_0)
FNF:1
FNH:1
FNDA:4,(anonymous_0)
DA:16,4
LF:1
LH:1
BRF:0
BRH:0
end_of_record
TN:
SF:src\at.js
FN:19,(anonymous_0)
FNF:1
FNH:1
FNDA:5,(anonymous_0)
DA:19,5
LF:1
LH:1
BRF:0
BRH:0
end_of_record
TN:
SF:src\compact.js
FN:14,compact
FNF:1
FNH:1
FNDA:5,compact
DA:15,5
DA:16,5
DA:18,5
DA:19,23
DA:20,8
DA:23,5
LF:6
LH:6
BRDA:19,0,0,8
BRDA:19,0,1,15
BRF:2
BRH:2
end_of_record
TN:
SF:src\defaultTo.js
FN:19,defaultTo
FNF:1
FNH:1
FNDA:8,defaultTo
DA:20,8
LF:1
LH:1
BRDA:20,0,0,3
BRDA:20,0,1,5
BRF:2
BRH:2
end_of_record
TN:
SF:src\divide.js
FN:16,(anonymous_0)
FNF:1
FNH:1
FNDA:4,(anonymous_0)
DA:16,4
LF:1
LH:1
BRF:0
BRH:0
end_of_record
TN:
SF:src\get.js
FN:27,get
FNF:1
FNH:1
FNDA:9,get
DA:28,9
DA:29,9
LF:2
LH:2
BRDA:28,0,0,0
BRDA:28,0,1,9
BRDA:29,1,0,2
BRDA:29,1,1,7
BRF:4
BRH:3
end_of_record
TN:
SF:src\isArguments.js
FN:19,isArguments
FNF:1
FNH:1
FNDA:2,isArguments
DA:20,2
LF:1
LH:1
BRDA:20,0,0,2
BRDA:20,0,1,0
BRF:2
BRH:1
end_of_record
TN:
SF:src\isArrayLike.js
FN:26,isArrayLike
FNF:1
FNH:1
FNDA:10,isArrayLike
DA:27,10
LF:1
LH:1
BRDA:27,0,0,10
BRDA:27,0,1,10
BRDA:27,0,2,10
BRF:3
BRH:3
end_of_record
TN:
SF:src\isBuffer.js
FN:33,(anonymous_0)
FNF:1
FNH:0
FNDA:0,(anonymous_0)
DA:4,1
DA:7,1
DA:10,1
DA:13,1
DA:16,1
DA:33,1
LF:6
LH:6
BRDA:4,0,0,1
BRDA:4,0,1,1
BRDA:4,0,2,1
BRDA:4,0,3,1
BRDA:7,1,0,1
BRDA:7,1,1,1
BRDA:7,1,2,1
BRDA:7,1,3,1
BRDA:7,1,4,1
BRDA:10,2,0,1
BRDA:10,2,1,1
BRDA:13,3,0,1
BRDA:13,3,1,0
BRDA:16,4,0,1
BRDA:16,4,1,0
BRDA:33,5,0,1
BRDA:33,5,1,0
BRF:17
BRH:14
end_of_record
TN:
SF:src\isDate.js
FN:24,(anonymous_0)
FN:25,(anonymous_1)
FNF:2
FNH:1
FNDA:11,(anonymous_0)
FNDA:0,(anonymous_1)
DA:6,1
DA:23,1
DA:24,11
DA:25,0
LF:4
LH:3
BRDA:6,0,0,1
BRDA:6,0,1,1
BRDA:23,1,0,1
BRDA:23,1,1,0
BRDA:25,2,0,0
BRDA:25,2,1,0
BRF:6
BRH:3
end_of_record
TN:
SF:src\isEmpty.js
FN:45,isEmpty
FNF:1
FNH:1
FNDA:12,isEmpty
DA:9,1
DA:46,12
DA:47,2
DA:49,10
DA:52,0
DA:54,10
DA:55,10
DA:56,0
DA:58,10
DA:59,0
DA:61,10
DA:62,3
DA:63,3
DA:66,7
LF:14
LH:11
BRDA:46,0,0,2
BRDA:46,0,1,10
BRDA:49,1,0,0
BRDA:49,1,1,10
BRDA:49,2,0,10
BRDA:49,2,1,0
BRDA:49,2,2,0
BRDA:49,2,3,0
BRDA:49,2,4,0
BRDA:49,2,5,0
BRDA:49,2,6,0
BRDA:55,3,0,0
BRDA:55,3,1,10
BRDA:55,4,0,10
BRDA:55,4,1,10
BRDA:58,5,0,0
BRDA:58,5,1,10
BRDA:62,6,0,3
BRDA:62,6,1,0
BRF:19
BRH:9
end_of_record
TN:
SF:src\isLength.js
FN:28,isLength
FNF:1
FNH:1
FNDA:10,isLength
DA:2,1
DA:29,10
LF:2
LH:2
BRDA:29,0,0,10
BRDA:29,0,1,0
BRDA:29,0,2,0
BRDA:29,0,3,0
BRF:4
BRH:1
end_of_record
TN:
SF:src\isObject.js
FN:24,isObject
FNF:1
FNH:1
FNDA:17,isObject
DA:25,17
DA:26,17
LF:2
LH:2
BRDA:26,0,0,17
BRDA:26,0,1,15
BRDA:26,0,2,12
BRF:3
BRH:3
end_of_record
TN:
SF:src\isObjectLike.js
FN:23,isObjectLike
FNF:1
FNH:1
FNDA:2,isObjectLike
DA:24,2
LF:1
LH:1
BRDA:24,0,0,2
BRDA:24,0,1,0
BRF:2
BRH:1
end_of_record
TN:
SF:src\isSymbol.js
FN:18,isSymbol
FNF:1
FNH:1
FNDA:32,isSymbol
DA:19,32
DA:20,32
LF:2
LH:2
BRDA:20,0,0,32
BRDA:20,0,1,31
BRDA:20,0,2,4
BRDA:20,0,3,2
BRF:4
BRH:4
end_of_record
TN:
SF:src\isTypedArray.js
FN:27,(anonymous_0)
FN:28,(anonymous_1)
FNF:2
FNH:0
FNDA:0,(anonymous_0)
FNDA:0,(anonymous_1)
DA:6,1
DA:9,1
DA:26,1
DA:27,0
DA:28,0
LF:5
LH:3
BRDA:9,0,0,1
BRDA:9,0,1,1
BRDA:26,1,0,1
BRDA:26,1,1,0
BRDA:28,2,0,0
BRDA:28,2,1,0
BRF:6
BRH:3
end_of_record
TN:
SF:src\memoize.js
FN:43,memoize
FN:47,(anonymous_1)
FNF:2
FNH:2
FNDA:1,memoize
FNDA:8,(anonymous_1)
DA:44,1
DA:45,0
DA:47,1
DA:48,8
DA:49,8
DA:51,8
DA:52,3
DA:54,5
DA:55,5
DA:56,5
DA:58,1
DA:59,1
DA:62,1
LF:13
LH:12
BRDA:44,0,0,0
BRDA:44,0,1,1
BRDA:44,1,0,1
BRDA:44,1,1,1
BRDA:44,1,2,1
BRDA:48,2,0,8
BRDA:48,2,1,0
BRDA:51,3,0,3
BRDA:51,3,1,5
BRDA:55,4,0,5
BRDA:55,4,1,0
BRDA:58,5,0,1
BRDA:58,5,1,0
BRF:13
BRH:9
end_of_record
TN:
SF:src\toFinite.js
FN:28,toFinite
FNF:1
FNH:1
FNDA:21,toFinite
DA:4,2
DA:5,2
DA:29,21
DA:30,8
DA:32,13
DA:33,13
DA:34,2
DA:35,2
DA:37,11
LF:9
LH:9
BRDA:29,0,0,8
BRDA:29,0,1,13
BRDA:30,1,0,3
BRDA:30,1,1,5
BRDA:33,2,0,2
BRDA:33,2,1,11
BRDA:33,3,0,13
BRDA:33,3,1,11
BRDA:34,4,0,0
BRDA:34,4,1,2
BRDA:37,5,0,10
BRDA:37,5,1,1
BRF:12
BRH:11
end_of_record
TN:
SF:src\toInteger.js
FN:28,toInteger
FNF:1
FNH:1
FNDA:12,toInteger
DA:29,12
DA:30,12
DA:32,12
LF:3
LH:3
BRDA:32,0,0,7
BRDA:32,0,1,5
BRF:2
BRH:2
end_of_record
TN:
SF:src\toNumber.js
FN:44,toNumber
FNF:1
FNH:1
FNDA:24,toNumber
DA:5,3
DA:8,3
DA:11,3
DA:14,3
DA:17,3
DA:20,3
DA:45,24
DA:46,9
DA:48,15
DA:49,0
DA:51,15
DA:52,2
DA:53,2
DA:55,15
DA:56,4
DA:58,11
DA:59,11
DA:60,11
LF:18
LH:17
BRDA:45,0,0,9
BRDA:45,0,1,15
BRDA:48,1,0,0
BRDA:48,1,1,15
BRDA:51,2,0,2
BRDA:51,2,1,13
BRDA:52,3,0,2
BRDA:52,3,1,0
BRDA:53,4,0,1
BRDA:53,4,1,1
BRDA:55,5,0,4
BRDA:55,5,1,11
BRDA:56,6,0,0
BRDA:56,6,1,4
BRDA:60,7,0,0
BRDA:60,7,1,11
BRDA:60,8,0,11
BRDA:60,8,1,11
BRDA:61,9,0,0
BRDA:61,9,1,0
BRDA:62,10,0,0
BRDA:62,10,1,11
BRF:22
BRH:15
end_of_record
TN:
SF:src\toString.js
FN:25,toString
FN:33,(anonymous_1)
FNF:2
FNH:2
FNDA:10,toString
FNDA:3,(anonymous_1)
DA:4,1
DA:28,10
DA:29,1
DA:31,9
DA:33,3
DA:35,8
DA:36,1
DA:38,7
DA:39,7
LF:9
LH:9
BRDA:28,0,0,1
BRDA:28,0,1,9
BRDA:31,1,0,1
BRDA:31,1,1,8
BRDA:33,2,0,0
BRDA:33,2,1,3
BRDA:35,3,0,1
BRDA:35,3,1,7
BRDA:39,4,0,0
BRDA:39,4,1,7
BRDA:39,5,0,7
BRDA:39,5,1,0
BRF:12
BRH:9
end_of_record
TN:
SF:src\.internal\baseAt.js
FN:11,baseAt
FNF:1
FNH:1
FNDA:5,baseAt
DA:12,5
DA:13,5
DA:14,5
DA:15,5
DA:17,5
DA:18,9
DA:20,5
LF:7
LH:7
BRDA:18,0,0,0
BRDA:18,0,1,9
BRF:2
BRH:1
end_of_record
TN:
SF:src\.internal\baseFlatten.js
FN:14,baseFlatten
FNF:1
FNH:1
FNDA:5,baseFlatten
DA:15,5
DA:16,5
DA:18,5
DA:19,0
DA:22,5
DA:23,5
DA:24,3
DA:26,0
DA:28,3
DA:30,2
DA:31,2
DA:34,5
LF:12
LH:10
BRDA:15,0,0,5
BRDA:15,0,1,5
BRDA:16,1,0,5
BRDA:16,1,1,5
BRDA:18,2,0,0
BRDA:18,2,1,5
BRDA:23,3,0,3
BRDA:23,3,1,2
BRDA:23,4,0,5
BRDA:23,4,1,5
BRDA:24,5,0,0
BRDA:24,5,1,3
BRDA:30,6,0,2
BRDA:30,6,1,0
BRF:14
BRH:11
end_of_record
TN:
SF:src\.internal\baseGet.js
FN:12,baseGet
FNF:1
FNH:1
FNDA:9,baseGet
DA:13,9
DA:15,9
DA:16,9
DA:18,9
DA:19,31
DA:21,9
LF:6
LH:6
BRDA:18,0,0,40
BRDA:18,0,1,38
BRDA:21,1,0,9
BRDA:21,1,1,0
BRDA:21,2,0,9
BRDA:21,2,1,9
BRF:6
BRH:5
end_of_record
TN:
SF:src\.internal\baseToNumber.js
FN:14,baseToNumber
FNF:1
FNH:1
FNDA:16,baseToNumber
DA:4,2
DA:15,16
DA:16,16
DA:18,0
DA:19,0
DA:21,0
LF:6
LH:3
BRDA:15,0,0,16
BRDA:15,0,1,0
BRDA:18,1,0,0
BRDA:18,1,1,0
BRF:4
BRH:1
end_of_record
TN:
SF:src\.internal\baseToString.js
FN:17,baseToString
FNF:1
FNH:0
FNDA:0,baseToString
DA:4,2
DA:7,2
DA:19,0
DA:20,0
DA:22,0
DA:24,0
DA:26,0
DA:27,0
DA:29,0
DA:30,0
LF:10
LH:2
BRDA:19,0,0,0
BRDA:19,0,1,0
BRDA:22,1,0,0
BRDA:22,1,1,0
BRDA:26,2,0,0
BRDA:26,2,1,0
BRDA:27,3,0,0
BRDA:27,3,1,0
BRDA:30,4,0,0
BRDA:30,4,1,0
BRDA:30,5,0,0
BRDA:30,5,1,0
BRF:12
BRH:0
end_of_record
TN:
SF:src\.internal\castPath.js
FN:12,castPath
FNF:1
FNH:1
FNDA:9,castPath
DA:13,9
DA:14,0
DA:16,9
LF:3
LH:2
BRDA:13,0,0,0
BRDA:13,0,1,9
BRDA:16,1,0,1
BRDA:16,1,1,8
BRF:4
BRH:3
end_of_record
TN:
SF:src\.internal\createMathOperation.js
FN:12,createMathOperation
FN:13,(anonymous_1)
FNF:2
FNH:2
FNDA:2,createMathOperation
FNDA:8,(anonymous_1)
DA:13,2
DA:14,8
DA:15,0
DA:17,8
DA:18,0
DA:20,8
DA:21,0
DA:23,8
DA:24,0
DA:25,0
DA:28,8
DA:29,8
DA:31,8
LF:13
LH:8
BRDA:14,0,0,0
BRDA:14,0,1,8
BRDA:14,1,0,8
BRDA:14,1,1,0
BRDA:17,2,0,0
BRDA:17,2,1,8
BRDA:17,3,0,8
BRDA:17,3,1,8
BRDA:20,4,0,0
BRDA:20,4,1,8
BRDA:20,5,0,8
BRDA:20,5,1,8
BRDA:23,6,0,0
BRDA:23,6,1,8
BRDA:23,7,0,8
BRDA:23,7,1,8
BRF:16
BRH:11
end_of_record
TN:
SF:src\.internal\freeGlobal.js
FNF:0
FNH:0
DA:2,2
LF:1
LH:1
BRDA:2,0,0,2
BRDA:2,0,1,2
BRDA:2,0,2,2
BRDA:2,0,3,2
BRF:4
BRH:4
end_of_record
TN:
SF:src\.internal\getTag.js
FN:10,getTag
FNF:1
FNH:1
FNDA:12,getTag
DA:1,9
DA:11,12
DA:12,0
DA:14,12
LF:4
LH:3
BRDA:11,0,0,0
BRDA:11,0,1,12
BRDA:12,1,0,0
BRDA:12,1,1,0
BRF:4
BRH:1
end_of_record
TN:
SF:src\.internal\isFlattenable.js
FN:13,isFlattenable
FNF:1
FNH:1
FNDA:5,isFlattenable
DA:4,1
DA:14,5
LF:2
LH:2
BRDA:14,0,0,5
BRDA:14,0,1,2
BRDA:14,0,2,2
BRDA:15,1,0,2
BRDA:15,1,1,2
BRF:5
BRH:5
end_of_record
TN:
SF:src\.internal\isKey.js
FN:15,isKey
FNF:1
FNH:1
FNDA:9,isKey
DA:4,1
DA:5,1
DA:16,9
DA:17,0
DA:19,9
DA:20,9
DA:21,0
DA:23,9
LF:8
LH:6
BRDA:16,0,0,0
BRDA:16,0,1,9
BRDA:20,1,0,0
BRDA:20,1,1,9
BRDA:20,2,0,9
BRDA:20,2,1,9
BRDA:20,2,2,9
BRDA:20,2,3,9
BRDA:23,3,0,9
BRDA:23,3,1,8
BRDA:23,3,2,8
BRDA:23,3,3,8
BRF:12
BRH:10
end_of_record
TN:
SF:src\.internal\isPrototype.js
FN:11,isPrototype
FNF:1
FNH:1
FNDA:10,isPrototype
DA:2,1
DA:12,10
DA:13,10
DA:15,10
LF:4
LH:4
BRDA:12,0,0,10
BRDA:12,0,1,8
BRDA:13,1,0,10
BRDA:13,1,1,7
BRDA:13,1,2,3
BRF:5
BRH:5
end_of_record
TN:
SF:src\.internal\memoizeCapped.js
FN:14,memoizeCapped
FN:15,(anonymous_1)
FNF:2
FNH:2
FNDA:1,memoizeCapped
FNDA:8,(anonymous_1)
DA:4,1
DA:15,1
DA:16,8
DA:17,8
DA:18,0
DA:20,8
DA:23,1
LF:7
LH:6
BRDA:17,0,0,0
BRDA:17,0,1,8
BRF:2
BRH:1
end_of_record
TN:
SF:src\.internal\nodeTypes.js
FN:16,(anonymous_0)
FNF:1
FNH:1
FNDA:2,(anonymous_0)
DA:4,2
DA:7,2
DA:10,2
DA:13,2
DA:16,2
DA:17,2
DA:20,2
DA:21,2
LF:8
LH:8
BRDA:4,0,0,2
BRDA:4,0,1,2
BRDA:4,0,2,2
BRDA:4,0,3,2
BRDA:7,1,0,2
BRDA:7,1,1,2
BRDA:7,1,2,2
BRDA:7,1,3,2
BRDA:7,1,4,2
BRDA:10,2,0,2
BRDA:10,2,1,2
BRDA:13,3,0,2
BRDA:13,3,1,2
BRDA:20,4,0,2
BRDA:20,4,1,2
BRDA:20,4,2,2
BRDA:21,5,0,2
BRDA:21,5,1,0
BRDA:24,6,0,0
BRDA:24,6,1,0
BRDA:24,6,2,0
BRF:21
BRH:17
end_of_record
TN:
SF:src\.internal\root.js
FNF:0
FNH:0
DA:5,1
DA:8,1
DA:11,1
LF:3
LH:3
BRDA:5,0,0,1
BRDA:5,0,1,1
BRDA:5,0,2,1
BRDA:5,0,3,1
BRDA:8,1,0,1
BRDA:8,1,1,0
BRDA:8,1,2,0
BRDA:8,1,3,0
BRDA:11,2,0,1
BRDA:11,2,1,0
BRDA:11,2,2,0
BRDA:11,2,3,0
BRF:12
BRH:6
end_of_record
TN:
SF:src\.internal\stringToPath.js
FN:26,(anonymous_0)
FN:31,(anonymous_1)
FNF:2
FNH:2
FNDA:5,(anonymous_0)
FNDA:20,(anonymous_1)
DA:3,1
DA:4,1
DA:5,1
DA:26,1
DA:27,5
DA:28,5
DA:29,0
DA:31,5
DA:32,20
DA:33,20
DA:34,0
DA:36,20
DA:37,7
DA:39,20
DA:41,5
LF:15
LH:13
BRDA:28,0,0,0
BRDA:28,0,1,5
BRDA:33,1,0,0
BRDA:33,1,1,20
BRDA:36,2,0,7
BRDA:36,2,1,13
BRF:6
BRH:4
end_of_record
TN:
SF:src\.internal\toKey.js
FN:13,toKey
FNF:1
FNH:1
FNDA:31,toKey
DA:4,1
DA:14,31
DA:15,31
DA:17,0
DA:18,0
LF:5
LH:3
BRDA:14,0,0,31
BRDA:14,0,1,0
BRDA:14,1,0,31
BRDA:14,1,1,0
BRDA:18,2,0,0
BRDA:18,2,1,0
BRDA:18,3,0,0
BRDA:18,3,1,0
BRF:8
BRH:2
end_of_record
